<?xml version="1.0" encoding="UTF-8"?>
<testsuite xmlns:xsi="http://www.w3.org/2001/XMLSchema-instance" xsi:noNamespaceSchemaLocation="https://maven.apache.org/surefire/maven-surefire-plugin/xsd/surefire-test-report-3.0.xsd" version="3.0" name="TestSuite" time="64.47" tests="10" errors="0" skipped="0" failures="10">
  <properties>
    <property name="sun.desktop" value="windows"/>
    <property name="awt.toolkit" value="sun.awt.windows.WToolkit"/>
    <property name="java.specification.version" value="11"/>
    <property name="sun.cpu.isalist" value="amd64"/>
    <property name="sun.jnu.encoding" value="Cp1252"/>
    <property name="java.class.path" value="C:\Users\ACS\Downloads\SanityDevops\smoke\target\test-classes;C:\Users\ACS\Downloads\SanityDevops\smoke\target\classes;C:\Users\ACS\.m2\repository\io\appium\java-client\9.2.2\java-client-9.2.2.jar;C:\Users\ACS\.m2\repository\org\seleniumhq\selenium\selenium-api\4.26.0\selenium-api-4.26.0.jar;C:\Users\ACS\.m2\repository\org\jspecify\jspecify\1.0.0\jspecify-1.0.0.jar;C:\Users\ACS\.m2\repository\org\seleniumhq\selenium\selenium-remote-driver\4.26.0\selenium-remote-driver-4.26.0.jar;C:\Users\ACS\.m2\repository\com\google\auto\service\auto-service-annotations\1.1.1\auto-service-annotations-1.1.1.jar;C:\Users\ACS\.m2\repository\io\opentelemetry\semconv\opentelemetry-semconv\1.25.0-alpha\opentelemetry-semconv-1.25.0-alpha.jar;C:\Users\ACS\.m2\repository\io\opentelemetry\opentelemetry-api\1.43.0\opentelemetry-api-1.43.0.jar;C:\Users\ACS\.m2\repository\io\opentelemetry\opentelemetry-context\1.43.0\opentelemetry-context-1.43.0.jar;C:\Users\ACS\.m2\repository\io\opentelemetry\opentelemetry-exporter-logging\1.43.0\opentelemetry-exporter-logging-1.43.0.jar;C:\Users\ACS\.m2\repository\io\opentelemetry\opentelemetry-sdk-common\1.43.0\opentelemetry-sdk-common-1.43.0.jar;C:\Users\ACS\.m2\repository\io\opentelemetry\opentelemetry-sdk-extension-autoconfigure-spi\1.43.0\opentelemetry-sdk-extension-autoconfigure-spi-1.43.0.jar;C:\Users\ACS\.m2\repository\io\opentelemetry\opentelemetry-sdk-extension-autoconfigure\1.43.0\opentelemetry-sdk-extension-autoconfigure-1.43.0.jar;C:\Users\ACS\.m2\repository\io\opentelemetry\opentelemetry-api-incubator\1.43.0-alpha\opentelemetry-api-incubator-1.43.0-alpha.jar;C:\Users\ACS\.m2\repository\io\opentelemetry\opentelemetry-sdk-trace\1.43.0\opentelemetry-sdk-trace-1.43.0.jar;C:\Users\ACS\.m2\repository\io\opentelemetry\opentelemetry-sdk\1.43.0\opentelemetry-sdk-1.43.0.jar;C:\Users\ACS\.m2\repository\io\opentelemetry\opentelemetry-sdk-metrics\1.43.0\opentelemetry-sdk-metrics-1.43.0.jar;C:\Users\ACS\.m2\repository\io\opentelemetry\opentelemetry-sdk-logs\1.43.0\opentelemetry-sdk-logs-1.43.0.jar;C:\Users\ACS\.m2\repository\net\bytebuddy\byte-buddy\1.15.7\byte-buddy-1.15.7.jar;C:\Users\ACS\.m2\repository\org\seleniumhq\selenium\selenium-http\4.26.0\selenium-http-4.26.0.jar;C:\Users\ACS\.m2\repository\dev\failsafe\failsafe\3.3.2\failsafe-3.3.2.jar;C:\Users\ACS\.m2\repository\org\seleniumhq\selenium\selenium-json\4.26.0\selenium-json-4.26.0.jar;C:\Users\ACS\.m2\repository\org\seleniumhq\selenium\selenium-manager\4.26.0\selenium-manager-4.26.0.jar;C:\Users\ACS\.m2\repository\org\seleniumhq\selenium\selenium-os\4.26.0\selenium-os-4.26.0.jar;C:\Users\ACS\.m2\repository\org\apache\commons\commons-exec\1.4.0\commons-exec-1.4.0.jar;C:\Users\ACS\.m2\repository\org\seleniumhq\selenium\selenium-support\4.26.0\selenium-support-4.26.0.jar;C:\Users\ACS\.m2\repository\com\google\code\gson\gson\2.10.1\gson-2.10.1.jar;C:\Users\ACS\.m2\repository\org\slf4j\slf4j-api\2.0.12\slf4j-api-2.0.12.jar;C:\Users\ACS\.m2\repository\org\apache\commons\commons-lang3\3.13.0\commons-lang3-3.13.0.jar;C:\Users\ACS\.m2\repository\org\testng\testng\7.9.0\testng-7.9.0.jar;C:\Users\ACS\.m2\repository\com\beust\jcommander\1.82\jcommander-1.82.jar;C:\Users\ACS\.m2\repository\org\webjars\jquery\3.7.1\jquery-3.7.1.jar;C:\Users\ACS\.m2\repository\io\qameta\allure\allure-testng\2.26.0\allure-testng-2.26.0.jar;C:\Users\ACS\.m2\repository\io\qameta\allure\allure-java-commons\2.26.0\allure-java-commons-2.26.0.jar;C:\Users\ACS\.m2\repository\io\qameta\allure\allure-model\2.26.0\allure-model-2.26.0.jar;C:\Users\ACS\.m2\repository\io\qameta\allure\allure-test-filter\2.26.0\allure-test-filter-2.26.0.jar;C:\Users\ACS\.m2\repository\org\seleniumhq\selenium\selenium-java\4.20.0\selenium-java-4.20.0.jar;C:\Users\ACS\.m2\repository\org\seleniumhq\selenium\selenium-chrome-driver\4.20.0\selenium-chrome-driver-4.20.0.jar;C:\Users\ACS\.m2\repository\org\seleniumhq\selenium\selenium-chromium-driver\4.20.0\selenium-chromium-driver-4.20.0.jar;C:\Users\ACS\.m2\repository\org\seleniumhq\selenium\selenium-devtools-v122\4.20.0\selenium-devtools-v122-4.20.0.jar;C:\Users\ACS\.m2\repository\org\seleniumhq\selenium\selenium-devtools-v123\4.20.0\selenium-devtools-v123-4.20.0.jar;C:\Users\ACS\.m2\repository\org\seleniumhq\selenium\selenium-devtools-v124\4.20.0\selenium-devtools-v124-4.20.0.jar;C:\Users\ACS\.m2\repository\org\seleniumhq\selenium\selenium-devtools-v85\4.20.0\selenium-devtools-v85-4.20.0.jar;C:\Users\ACS\.m2\repository\org\seleniumhq\selenium\selenium-edge-driver\4.20.0\selenium-edge-driver-4.20.0.jar;C:\Users\ACS\.m2\repository\org\seleniumhq\selenium\selenium-firefox-driver\4.20.0\selenium-firefox-driver-4.20.0.jar;C:\Users\ACS\.m2\repository\org\seleniumhq\selenium\selenium-ie-driver\4.20.0\selenium-ie-driver-4.20.0.jar;C:\Users\ACS\.m2\repository\org\seleniumhq\selenium\selenium-safari-driver\4.20.0\selenium-safari-driver-4.20.0.jar;C:\Users\ACS\.m2\repository\io\rest-assured\rest-assured\5.5.0\rest-assured-5.5.0.jar;C:\Users\ACS\.m2\repository\org\apache\groovy\groovy\4.0.22\groovy-4.0.22.jar;C:\Users\ACS\.m2\repository\org\apache\groovy\groovy-xml\4.0.22\groovy-xml-4.0.22.jar;C:\Users\ACS\.m2\repository\org\apache\httpcomponents\httpclient\4.5.13\httpclient-4.5.13.jar;C:\Users\ACS\.m2\repository\org\apache\httpcomponents\httpcore\4.4.13\httpcore-4.4.13.jar;C:\Users\ACS\.m2\repository\commons-logging\commons-logging\1.2\commons-logging-1.2.jar;C:\Users\ACS\.m2\repository\commons-codec\commons-codec\1.11\commons-codec-1.11.jar;C:\Users\ACS\.m2\repository\org\apache\httpcomponents\httpmime\4.5.13\httpmime-4.5.13.jar;C:\Users\ACS\.m2\repository\org\ccil\cowan\tagsoup\tagsoup\1.2.1\tagsoup-1.2.1.jar;C:\Users\ACS\.m2\repository\io\rest-assured\json-schema-validator\5.5.0\json-schema-validator-5.5.0.jar;C:\Users\ACS\.m2\repository\com\github\java-json-tools\json-schema-validator\2.2.14\json-schema-validator-2.2.14.jar;C:\Users\ACS\.m2\repository\com\github\java-json-tools\jackson-coreutils-equivalence\1.0\jackson-coreutils-equivalence-1.0.jar;C:\Users\ACS\.m2\repository\com\fasterxml\jackson\core\jackson-databind\2.11.0\jackson-databind-2.11.0.jar;C:\Users\ACS\.m2\repository\com\fasterxml\jackson\core\jackson-annotations\2.11.0\jackson-annotations-2.11.0.jar;C:\Users\ACS\.m2\repository\com\fasterxml\jackson\core\jackson-core\2.11.0\jackson-core-2.11.0.jar;C:\Users\ACS\.m2\repository\com\github\java-json-tools\jackson-coreutils\2.0\jackson-coreutils-2.0.jar;C:\Users\ACS\.m2\repository\com\github\java-json-tools\msg-simple\1.2\msg-simple-1.2.jar;C:\Users\ACS\.m2\repository\com\github\java-json-tools\btf\1.3\btf-1.3.jar;C:\Users\ACS\.m2\repository\com\github\java-json-tools\json-schema-core\1.2.14\json-schema-core-1.2.14.jar;C:\Users\ACS\.m2\repository\com\github\java-json-tools\uri-template\0.10\uri-template-0.10.jar;C:\Users\ACS\.m2\repository\org\mozilla\rhino\1.7.7.2\rhino-1.7.7.2.jar;C:\Users\ACS\.m2\repository\com\sun\mail\mailapi\1.6.2\mailapi-1.6.2.jar;C:\Users\ACS\.m2\repository\joda-time\joda-time\2.10.5\joda-time-2.10.5.jar;C:\Users\ACS\.m2\repository\com\googlecode\libphonenumber\libphonenumber\8.11.1\libphonenumber-8.11.1.jar;C:\Users\ACS\.m2\repository\com\google\code\findbugs\jsr305\3.0.2\jsr305-3.0.2.jar;C:\Users\ACS\.m2\repository\net\sf\jopt-simple\jopt-simple\5.0.4\jopt-simple-5.0.4.jar;C:\Users\ACS\.m2\repository\com\google\guava\guava\33.2.1-jre\guava-33.2.1-jre.jar;C:\Users\ACS\.m2\repository\com\google\guava\failureaccess\1.0.2\failureaccess-1.0.2.jar;C:\Users\ACS\.m2\repository\com\google\guava\listenablefuture\9999.0-empty-to-avoid-conflict-with-guava\listenablefuture-9999.0-empty-to-avoid-conflict-with-guava.jar;C:\Users\ACS\.m2\repository\org\checkerframework\checker-qual\3.42.0\checker-qual-3.42.0.jar;C:\Users\ACS\.m2\repository\com\google\errorprone\error_prone_annotations\2.26.1\error_prone_annotations-2.26.1.jar;C:\Users\ACS\.m2\repository\com\google\j2objc\j2objc-annotations\3.0.0\j2objc-annotations-3.0.0.jar;C:\Users\ACS\.m2\repository\io\rest-assured\json-path\5.5.0\json-path-5.5.0.jar;C:\Users\ACS\.m2\repository\org\apache\groovy\groovy-json\4.0.22\groovy-json-4.0.22.jar;C:\Users\ACS\.m2\repository\io\rest-assured\rest-assured-common\5.5.0\rest-assured-common-5.5.0.jar;C:\Users\ACS\.m2\repository\io\rest-assured\xml-path\5.5.0\xml-path-5.5.0.jar;C:\Users\ACS\.m2\repository\org\hamcrest\hamcrest\3.0\hamcrest-3.0.jar;C:\Users\ACS\.m2\repository\org\json\json\20210307\json-20210307.jar;C:\Users\ACS\.m2\repository\com\sun\mail\javax.mail\1.6.2\javax.mail-1.6.2.jar;C:\Users\ACS\.m2\repository\javax\activation\activation\1.1\activation-1.1.jar;C:\Users\ACS\.m2\repository\org\jsoup\jsoup\1.17.2\jsoup-1.17.2.jar;"/>
    <property name="java.vm.vendor" value="Oracle Corporation"/>
    <property name="sun.arch.data.model" value="64"/>
    <property name="user.variant" value=""/>
    <property name="java.vendor.url" value="http://java.oracle.com/"/>
    <property name="user.timezone" value="Asia/Calcutta"/>
    <property name="java.vm.specification.version" value="11"/>
    <property name="os.name" value="Windows 10"/>
    <property name="sun.java.launcher" value="SUN_STANDARD"/>
    <property name="user.country" value="IN"/>
    <property name="sun.boot.library.path" value="C:\Users\ACS\java\openjdk-11.0.0.1_windows-x64_bin\jdk-11.0.0.1\bin"/>
    <property name="sun.java.command" value="C:\Users\ACS\AppData\Local\Temp\surefire13182648150090181\surefirebooter15284032649880240437.jar C:\Users\ACS\AppData\Local\Temp\surefire13182648150090181 2024-11-18T11-03-07_038-jvmRun1 surefire17570454213870165474tmp surefire_09317374721584706105tmp"/>
    <property name="jdk.debug" value="release"/>
    <property name="surefire.test.class.path" value="C:\Users\ACS\Downloads\SanityDevops\smoke\target\test-classes;C:\Users\ACS\Downloads\SanityDevops\smoke\target\classes;C:\Users\ACS\.m2\repository\io\appium\java-client\9.2.2\java-client-9.2.2.jar;C:\Users\ACS\.m2\repository\org\seleniumhq\selenium\selenium-api\4.26.0\selenium-api-4.26.0.jar;C:\Users\ACS\.m2\repository\org\jspecify\jspecify\1.0.0\jspecify-1.0.0.jar;C:\Users\ACS\.m2\repository\org\seleniumhq\selenium\selenium-remote-driver\4.26.0\selenium-remote-driver-4.26.0.jar;C:\Users\ACS\.m2\repository\com\google\auto\service\auto-service-annotations\1.1.1\auto-service-annotations-1.1.1.jar;C:\Users\ACS\.m2\repository\io\opentelemetry\semconv\opentelemetry-semconv\1.25.0-alpha\opentelemetry-semconv-1.25.0-alpha.jar;C:\Users\ACS\.m2\repository\io\opentelemetry\opentelemetry-api\1.43.0\opentelemetry-api-1.43.0.jar;C:\Users\ACS\.m2\repository\io\opentelemetry\opentelemetry-context\1.43.0\opentelemetry-context-1.43.0.jar;C:\Users\ACS\.m2\repository\io\opentelemetry\opentelemetry-exporter-logging\1.43.0\opentelemetry-exporter-logging-1.43.0.jar;C:\Users\ACS\.m2\repository\io\opentelemetry\opentelemetry-sdk-common\1.43.0\opentelemetry-sdk-common-1.43.0.jar;C:\Users\ACS\.m2\repository\io\opentelemetry\opentelemetry-sdk-extension-autoconfigure-spi\1.43.0\opentelemetry-sdk-extension-autoconfigure-spi-1.43.0.jar;C:\Users\ACS\.m2\repository\io\opentelemetry\opentelemetry-sdk-extension-autoconfigure\1.43.0\opentelemetry-sdk-extension-autoconfigure-1.43.0.jar;C:\Users\ACS\.m2\repository\io\opentelemetry\opentelemetry-api-incubator\1.43.0-alpha\opentelemetry-api-incubator-1.43.0-alpha.jar;C:\Users\ACS\.m2\repository\io\opentelemetry\opentelemetry-sdk-trace\1.43.0\opentelemetry-sdk-trace-1.43.0.jar;C:\Users\ACS\.m2\repository\io\opentelemetry\opentelemetry-sdk\1.43.0\opentelemetry-sdk-1.43.0.jar;C:\Users\ACS\.m2\repository\io\opentelemetry\opentelemetry-sdk-metrics\1.43.0\opentelemetry-sdk-metrics-1.43.0.jar;C:\Users\ACS\.m2\repository\io\opentelemetry\opentelemetry-sdk-logs\1.43.0\opentelemetry-sdk-logs-1.43.0.jar;C:\Users\ACS\.m2\repository\net\bytebuddy\byte-buddy\1.15.7\byte-buddy-1.15.7.jar;C:\Users\ACS\.m2\repository\org\seleniumhq\selenium\selenium-http\4.26.0\selenium-http-4.26.0.jar;C:\Users\ACS\.m2\repository\dev\failsafe\failsafe\3.3.2\failsafe-3.3.2.jar;C:\Users\ACS\.m2\repository\org\seleniumhq\selenium\selenium-json\4.26.0\selenium-json-4.26.0.jar;C:\Users\ACS\.m2\repository\org\seleniumhq\selenium\selenium-manager\4.26.0\selenium-manager-4.26.0.jar;C:\Users\ACS\.m2\repository\org\seleniumhq\selenium\selenium-os\4.26.0\selenium-os-4.26.0.jar;C:\Users\ACS\.m2\repository\org\apache\commons\commons-exec\1.4.0\commons-exec-1.4.0.jar;C:\Users\ACS\.m2\repository\org\seleniumhq\selenium\selenium-support\4.26.0\selenium-support-4.26.0.jar;C:\Users\ACS\.m2\repository\com\google\code\gson\gson\2.10.1\gson-2.10.1.jar;C:\Users\ACS\.m2\repository\org\slf4j\slf4j-api\2.0.12\slf4j-api-2.0.12.jar;C:\Users\ACS\.m2\repository\org\apache\commons\commons-lang3\3.13.0\commons-lang3-3.13.0.jar;C:\Users\ACS\.m2\repository\org\testng\testng\7.9.0\testng-7.9.0.jar;C:\Users\ACS\.m2\repository\com\beust\jcommander\1.82\jcommander-1.82.jar;C:\Users\ACS\.m2\repository\org\webjars\jquery\3.7.1\jquery-3.7.1.jar;C:\Users\ACS\.m2\repository\io\qameta\allure\allure-testng\2.26.0\allure-testng-2.26.0.jar;C:\Users\ACS\.m2\repository\io\qameta\allure\allure-java-commons\2.26.0\allure-java-commons-2.26.0.jar;C:\Users\ACS\.m2\repository\io\qameta\allure\allure-model\2.26.0\allure-model-2.26.0.jar;C:\Users\ACS\.m2\repository\io\qameta\allure\allure-test-filter\2.26.0\allure-test-filter-2.26.0.jar;C:\Users\ACS\.m2\repository\org\seleniumhq\selenium\selenium-java\4.20.0\selenium-java-4.20.0.jar;C:\Users\ACS\.m2\repository\org\seleniumhq\selenium\selenium-chrome-driver\4.20.0\selenium-chrome-driver-4.20.0.jar;C:\Users\ACS\.m2\repository\org\seleniumhq\selenium\selenium-chromium-driver\4.20.0\selenium-chromium-driver-4.20.0.jar;C:\Users\ACS\.m2\repository\org\seleniumhq\selenium\selenium-devtools-v122\4.20.0\selenium-devtools-v122-4.20.0.jar;C:\Users\ACS\.m2\repository\org\seleniumhq\selenium\selenium-devtools-v123\4.20.0\selenium-devtools-v123-4.20.0.jar;C:\Users\ACS\.m2\repository\org\seleniumhq\selenium\selenium-devtools-v124\4.20.0\selenium-devtools-v124-4.20.0.jar;C:\Users\ACS\.m2\repository\org\seleniumhq\selenium\selenium-devtools-v85\4.20.0\selenium-devtools-v85-4.20.0.jar;C:\Users\ACS\.m2\repository\org\seleniumhq\selenium\selenium-edge-driver\4.20.0\selenium-edge-driver-4.20.0.jar;C:\Users\ACS\.m2\repository\org\seleniumhq\selenium\selenium-firefox-driver\4.20.0\selenium-firefox-driver-4.20.0.jar;C:\Users\ACS\.m2\repository\org\seleniumhq\selenium\selenium-ie-driver\4.20.0\selenium-ie-driver-4.20.0.jar;C:\Users\ACS\.m2\repository\org\seleniumhq\selenium\selenium-safari-driver\4.20.0\selenium-safari-driver-4.20.0.jar;C:\Users\ACS\.m2\repository\io\rest-assured\rest-assured\5.5.0\rest-assured-5.5.0.jar;C:\Users\ACS\.m2\repository\org\apache\groovy\groovy\4.0.22\groovy-4.0.22.jar;C:\Users\ACS\.m2\repository\org\apache\groovy\groovy-xml\4.0.22\groovy-xml-4.0.22.jar;C:\Users\ACS\.m2\repository\org\apache\httpcomponents\httpclient\4.5.13\httpclient-4.5.13.jar;C:\Users\ACS\.m2\repository\org\apache\httpcomponents\httpcore\4.4.13\httpcore-4.4.13.jar;C:\Users\ACS\.m2\repository\commons-logging\commons-logging\1.2\commons-logging-1.2.jar;C:\Users\ACS\.m2\repository\commons-codec\commons-codec\1.11\commons-codec-1.11.jar;C:\Users\ACS\.m2\repository\org\apache\httpcomponents\httpmime\4.5.13\httpmime-4.5.13.jar;C:\Users\ACS\.m2\repository\org\ccil\cowan\tagsoup\tagsoup\1.2.1\tagsoup-1.2.1.jar;C:\Users\ACS\.m2\repository\io\rest-assured\json-schema-validator\5.5.0\json-schema-validator-5.5.0.jar;C:\Users\ACS\.m2\repository\com\github\java-json-tools\json-schema-validator\2.2.14\json-schema-validator-2.2.14.jar;C:\Users\ACS\.m2\repository\com\github\java-json-tools\jackson-coreutils-equivalence\1.0\jackson-coreutils-equivalence-1.0.jar;C:\Users\ACS\.m2\repository\com\fasterxml\jackson\core\jackson-databind\2.11.0\jackson-databind-2.11.0.jar;C:\Users\ACS\.m2\repository\com\fasterxml\jackson\core\jackson-annotations\2.11.0\jackson-annotations-2.11.0.jar;C:\Users\ACS\.m2\repository\com\fasterxml\jackson\core\jackson-core\2.11.0\jackson-core-2.11.0.jar;C:\Users\ACS\.m2\repository\com\github\java-json-tools\jackson-coreutils\2.0\jackson-coreutils-2.0.jar;C:\Users\ACS\.m2\repository\com\github\java-json-tools\msg-simple\1.2\msg-simple-1.2.jar;C:\Users\ACS\.m2\repository\com\github\java-json-tools\btf\1.3\btf-1.3.jar;C:\Users\ACS\.m2\repository\com\github\java-json-tools\json-schema-core\1.2.14\json-schema-core-1.2.14.jar;C:\Users\ACS\.m2\repository\com\github\java-json-tools\uri-template\0.10\uri-template-0.10.jar;C:\Users\ACS\.m2\repository\org\mozilla\rhino\1.7.7.2\rhino-1.7.7.2.jar;C:\Users\ACS\.m2\repository\com\sun\mail\mailapi\1.6.2\mailapi-1.6.2.jar;C:\Users\ACS\.m2\repository\joda-time\joda-time\2.10.5\joda-time-2.10.5.jar;C:\Users\ACS\.m2\repository\com\googlecode\libphonenumber\libphonenumber\8.11.1\libphonenumber-8.11.1.jar;C:\Users\ACS\.m2\repository\com\google\code\findbugs\jsr305\3.0.2\jsr305-3.0.2.jar;C:\Users\ACS\.m2\repository\net\sf\jopt-simple\jopt-simple\5.0.4\jopt-simple-5.0.4.jar;C:\Users\ACS\.m2\repository\com\google\guava\guava\33.2.1-jre\guava-33.2.1-jre.jar;C:\Users\ACS\.m2\repository\com\google\guava\failureaccess\1.0.2\failureaccess-1.0.2.jar;C:\Users\ACS\.m2\repository\com\google\guava\listenablefuture\9999.0-empty-to-avoid-conflict-with-guava\listenablefuture-9999.0-empty-to-avoid-conflict-with-guava.jar;C:\Users\ACS\.m2\repository\org\checkerframework\checker-qual\3.42.0\checker-qual-3.42.0.jar;C:\Users\ACS\.m2\repository\com\google\errorprone\error_prone_annotations\2.26.1\error_prone_annotations-2.26.1.jar;C:\Users\ACS\.m2\repository\com\google\j2objc\j2objc-annotations\3.0.0\j2objc-annotations-3.0.0.jar;C:\Users\ACS\.m2\repository\io\rest-assured\json-path\5.5.0\json-path-5.5.0.jar;C:\Users\ACS\.m2\repository\org\apache\groovy\groovy-json\4.0.22\groovy-json-4.0.22.jar;C:\Users\ACS\.m2\repository\io\rest-assured\rest-assured-common\5.5.0\rest-assured-common-5.5.0.jar;C:\Users\ACS\.m2\repository\io\rest-assured\xml-path\5.5.0\xml-path-5.5.0.jar;C:\Users\ACS\.m2\repository\org\hamcrest\hamcrest\3.0\hamcrest-3.0.jar;C:\Users\ACS\.m2\repository\org\json\json\20210307\json-20210307.jar;C:\Users\ACS\.m2\repository\com\sun\mail\javax.mail\1.6.2\javax.mail-1.6.2.jar;C:\Users\ACS\.m2\repository\javax\activation\activation\1.1\activation-1.1.jar;C:\Users\ACS\.m2\repository\org\jsoup\jsoup\1.17.2\jsoup-1.17.2.jar;"/>
    <property name="sun.cpu.endian" value="little"/>
    <property name="user.home" value="C:\Users\ACS"/>
    <property name="user.language" value="en"/>
    <property name="java.specification.vendor" value="Oracle Corporation"/>
    <property name="java.version.date" value="2023-05-09"/>
    <property name="java.home" value="C:\Users\ACS\java\openjdk-11.0.0.1_windows-x64_bin\jdk-11.0.0.1"/>
    <property name="file.separator" value="\"/>
    <property name="basedir" value="C:\Users\ACS\Downloads\SanityDevops\smoke"/>
    <property name="java.vm.compressedOopsMode" value="Zero based"/>
    <property name="line.separator" value="&#10;"/>
    <property name="java.specification.name" value="Java Platform API Specification"/>
    <property name="java.vm.specification.vendor" value="Oracle Corporation"/>
    <property name="java.awt.graphicsenv" value="sun.awt.Win32GraphicsEnvironment"/>
    <property name="surefire.real.class.path" value="C:\Users\ACS\AppData\Local\Temp\surefire13182648150090181\surefirebooter15284032649880240437.jar"/>
    <property name="user.script" value=""/>
    <property name="sun.management.compiler" value="HotSpot 64-Bit Tiered Compilers"/>
    <property name="java.runtime.version" value="11.0.0.1+3-5"/>
    <property name="user.name" value="ACS"/>
    <property name="path.separator" value=";"/>
    <property name="os.version" value="10.0"/>
    <property name="java.runtime.name" value="OpenJDK Runtime Environment"/>
    <property name="file.encoding" value="Cp1252"/>
    <property name="java.vm.name" value="OpenJDK 64-Bit Server VM"/>
    <property name="java.vendor.version" value="18.9"/>
    <property name="localRepository" value="C:\Users\ACS\.m2\repository"/>
    <property name="java.vendor.url.bug" value="http://bugreport.java.com/bugreport/"/>
    <property name="java.io.tmpdir" value="C:\Users\ACS\AppData\Local\Temp\"/>
    <property name="java.version" value="11.0.0.1"/>
    <property name="user.dir" value="C:\Users\ACS\Downloads\SanityDevops\smoke"/>
    <property name="os.arch" value="amd64"/>
    <property name="java.vm.specification.name" value="Java Virtual Machine Specification"/>
    <property name="java.awt.printerjob" value="sun.awt.windows.WPrinterJob"/>
    <property name="sun.os.patch.level" value=""/>
    <property name="java.library.path" value="C:\Users\ACS\java\openjdk-11.0.0.1_windows-x64_bin\jdk-11.0.0.1\bin;C:\WINDOWS\Sun\Java\bin;C:\WINDOWS\system32;C:\WINDOWS;C:/Users/ACS/Downloads/eclipse-java-2023-12-R-win32-x86_64/eclipse//plugins/org.eclipse.justj.openjdk.hotspot.jre.full.win32.x86_64_17.0.9.v20231028-0858/jre/bin/server;C:/Users/ACS/Downloads/eclipse-java-2023-12-R-win32-x86_64/eclipse//plugins/org.eclipse.justj.openjdk.hotspot.jre.full.win32.x86_64_17.0.9.v20231028-0858/jre/bin;C:\Program Files\Common Files\Oracle\Java\javapath;C:\WINDOWS\system32;C:\WINDOWS;C:\WINDOWS\System32\Wbem;C:\WINDOWS\System32\WindowsPowerShell\v1.0\;C:\WINDOWS\System32\OpenSSH\;C:\ProgramData\chocolatey\bin;C:\Program Files\Git\cmd;C:\Program Files\nodejs\;C:\Program Files\Android\Android Studio\bin;C:\Users\ACS\AppData\Local\Android\Sdk;C:\Users\ACS\AppData\Local\Android\Sdk\platforms\android;C:\Users\ACS\AppData\Local\Android\Sdk\platform-tools;%MAVEN_HOME%;C:\Users\ACS\java\openjdk-11.0.0.1_windows-x64_bin\jdk-11.0.0.1\bin;C:\Users\ACS\AppData\Local\Android\Sdk\tools\bin;C:\Users\ACS\AppData\Local\Android\Sdk\tools;C:\Program Files\nodejs\node_modules\npm\bin;C:\Program Files\nodejs\node_modules\npm\bin;C:\Users\ACS\Maven\apache-maven-3.9.6\bin;C:\Users\ACS\java\openjdk-11.0.0.1_windows-x64_bin\jdk-11.0.0.1\bin;C:\Program Files\Polyspace\R2020b\runtime\win64;C:\Program Files\Polyspace\R2020b\bin;C:\Program Files\Polyspace\R2020b\polyspace\bin;C:\Users\ACS\AppData\Local\Programs\Python\Python311\Scripts\;C:\Users\ACS\AppData\Local\Programs\Python\Python311\;C:\Users\ACS\anaconda3;C:\Users\ACS\anaconda3\Library\mingw-w64\bin;C:\Users\ACS\anaconda3\Library\usr\bin;C:\Users\ACS\anaconda3\Library\bin;C:\Users\ACS\anaconda3\Scripts;C:\Users\ACS\java\bin\java.exe;C:\ProgramData\ACS\Postman;C:\Users\ACS\AppData\Roaming\npm\node_modules\.bin;C:\Users\ACS\AppData\Local\Programs\Microsoft VS Code\bin;C:\Program Files\JetBrains\PyCharm Community Edition 2023.1.3\bin;;C:\Users\ACS\AppData\Roaming\npm;C:\Program Files\Android\Android Studio\bin;%MAVEN_HOME%;C:\Users\ACS\java\openjdk-11.0.0.1_windows-x64_bin\jdk-11.0.0.1\bin;C:\Users\ACS\AppData\Local\Android\Sdk\platform-tools;C:\Users\ACS\AppData\Local\Android\Sdk\tools;C:\Users\ACS\AppData\Local\Android\Sdk\build-tools;C:\Users\ACS\AppData\Local\Android\Sdk\platform\android;C:\Users\ACS\AppData\Local\Android\Sdk;C:\Users\ACS\java\openjdk-11.0.0.1_windows-x64_bin\jdk-11.0.0.1\bin;C:\Users\ACS\Maven\apache-maven-3.9.6\bin;;C:\Users\ACS\Downloads\eclipse-java-2023-12-R-win32-x86_64\eclipse;;."/>
    <property name="java.vendor" value="Oracle Corporation"/>
    <property name="java.vm.info" value="mixed mode"/>
    <property name="java.vm.version" value="11.0.0.1+3-5"/>
    <property name="java.specification.maintenance.version" value="2"/>
    <property name="sun.io.unicode.encoding" value="UnicodeLittle"/>
    <property name="java.class.version" value="55.0"/>
  </properties>
  <testcase name="AdminLogin" classname="com.testing.TestRunner" time="0.122">
    <failure type="java.lang.NullPointerException"><![CDATA[java.lang.NullPointerException
	at com.testing.TestRunner.AdminLogin(TestRunner.java:64)
]]></failure>
    <system-out><![CDATA[-- listing properties --
ADMIN_NOTES=Admin Notes
ADMIN_STAFF_FIRST_NAME=Automatetttt
ADMIN_STAFF_CONTACTNUMBER=9876543234
ADMIN_STAFF_EMAIL=testmobileacs+styrcx@gmail.com
PREDEFINED_Customer_OTP=908765
ADMIN_TAGS_NAME1=Goldsss
ADMIN_STAFF_CITY=lorry
SIGNUP_ADDRESSLINE2=Nehru Street
SIGNUP_ADDRESSLINE1=Pine House
ADMIN_CATEGORY_NAME=Tagssttyfr
SIGNUP_PHONENUMBER=1234567890
MAX_ADVANCE_BOOKING_LIMIT=200
MINUTE=0 minutes
PET_CONTACT_PERSONNUMBER=2345678987
ADMIN_FIRST_NAME=Automateddcer
TO_Year=2025
SERVICE_NAME=Service Atomarr
MAX_CAPACITY_STAFF=10
PET_MICROCHIP=8653974555
SIGNUP_FIRSTNAME=Aslirtytyru
TO_Date=22
PET_DIETARY_ISSUES=No Dietary Issues
PET_VETPHONENUMBER=098765432166
PET_ALLERGIES=Skin Allergy
PET_CONTACT_PERSONNAME=Henry
BASE_PRICE_AMOUNT=10
ADMIN_CATEGORY_DESCRIPTION=Tag Category Description
ADMIN_STAFF_LAST_NAME=Staff
SIGNUP_POSTCODE=MCV666
SIGNUP_LASTNAME=Testing
ADMIN_TAGS_DESCRIPTION1=Gold  Description
PREDEFINED_ADMIN_EMAIL=petcarea54@gmail.com
PET_VETADDRESS=Washington
HOUR=9 o'clock
PLATFORM_NAME=Android
SLOT_DESCRIPTION=Slot Description
ADMIN_POSTCODE=MCV567
DEVICE_NAME=Pixel 6 Pro API 33
ADMIN_MAXIMUM_ENTITY_LEVEL=5
PET_SPECIAL_INSTRUCTIONS=Training
ADMIN_PHONENUMBER=9876543234
APP_PACKAGE=com.petcaretechnologies.app
APP_ACTIVITY=com.petcaretechnologies.app.MainActivity
ADMIN_STAFF_ADDRESSLINE_2=Kingdom
ADMIN_CITY=lorry
ADMIN_STAFF_ADDRESSLINE_1=london
PET_ADDITIONAL_CONTACT=1357908642
SIGNUP_EMAIL=testmobileacs+86@gmail.com
SIGNUP_CITYTOWN=Madurai
TO_Month=October
PREDEFINED_Customer_EMAIL=automate+customer@gmail.com
MAX_CAPACITY_SLOT=100
ADMIN_STAFF_POSTCODE=MCV567
SLOT_NAME=Sloteeee
ADMIN_STAFF_ADDITIONAL_CONTACT_NUMBER=9089786756
PET_NAME=Charlioo
SESSION=PM
ADMIN_ADDRESSLINE_2=Kingdom
ADMIN_ADDITIONAL_CONTACT_NUMBER=9089786756
ADMIN_ADDRESSLINE_1=london
SERVICE_DESCRIPTION=Description
PREDEFINED_ADMIN_OTP=345765
PET_VETNAME=Dr. Jack
APK_PATH=C:\Users\ACS\Downloads\release-apk (1...
PLATFORM_VERSION=13.0
AUTOMATION_NAME=UiAutomator2
PET_FEEDING_DETAILS=Feed the puppies with in 2 hours
ADMIN_LAST_NAME=Admin
ADMIN_EMAIL=testmobileacs+admfjhgyhhhfi6@gmail.com
property file loded
Admin Sign-in Token: eyJhbGciOiJIUzI1NiIsInR5cCI6IkpXVCJ9.eyJlbWFpbCI6InBldGNhcmVhNTRAZ21haWwuY29tIiwidXNlcl9pZCI6Miwic3Vic2NyaWJlcl9pZCI6MSwiZXhwIjoxNzMxOTA5NzgzLCJsaWNlbnNlX2lkIjoxLCJvdHAiOiIzNDU3NjUifQ.j9O-Z9WCb2xdHZ_9g7TGXNxZ-dY8XlnAB-XsXSF4qU8
response :  io.restassured.internal.RestAssuredResponseImpl@f613067
OTP Verified Token 1 : eyJhbGciOiJIUzI1NiIsInR5cCI6IkpXVCJ9.eyJlbWFpbCI6InBldGNhcmVhNTRAZ21haWwuY29tIiwidXNlcl9pZCI6Miwic3Vic2NyaWJlcl9pZCI6MSwiZXhwIjoxNzMxOTA4Nzk3LCJsaWNlbnNlX2lkIjoxLCJhcHBfdXJsIjoiaHR0cHM6Ly9zdGFnaW5nLnBldGNhcmV0ZWNobm9sb2dpZXMuY29tLyIsInVzZXJfZGJfY3JlZGVudGlhbCI6Imt3dEVpOGp0bVMyUUF3VUZxSVJzUURCdyt5TERiNDZZbjVyZUo4RC90VloyUURMTCtzNTJtMkpDaUJ2aWk5YkE0UDd4SDJoWjkzUXlKVW8rdk5qbWhPL2d4dm1td1dWZmQyR0J2a3BqREJYb0Yra0RPL2U4R3h4QnNHZlBXOXZJIiwic2VydmljZV9kYl9jcmVkZW50aWFsIjoiSjBPOUxzeU5qYnY0ZWFmai9QdHJRMDM2WjRINzU2eEVrR2MwdXl1NG1LaTNFVUJWYnVET2lCV1lOeU9Ba3NvbUszVC81OUxLVzBIY3FXMk8zS09INHBTRGFkTGRVc1o2Mi9GQ3pvUjdoaEZKd0tkTnVQZzY4aUNEcmo1QVk3OEkiLCJib29raW5nX2RiX2NyZWRlbnRpYWwiOiJFWGt2VEVHZ09wdzFPY3JTVXhLamFVeDRWVnREMHQ5ZjkzTktrb1BvZmlMWERxL2FBWWdRUE5HeTF3UHpEWms1YzVWZTNuaGJlVGpIa29tc212NlRkMWhYeDFHS2dOU1EwZWJHWTZYS2R1cUsxbjNFU083OG5XSkJwVEVEQWVrRiIsImNhbGVuZGFyX2RiX2NyZWRlbnRpYWwiOiJYbGN5dklKM3FMbW1FaWtpVnM5dnVxREZkMmdBNWR1WG5ZRUVSUEswd01WWmY1KzJvVE9oc1RESUkweWlaOGZSd01yOTc2SkdGSk9QY3RxMWpuMEtaRlgvc0ZKd0NpdUw5ZjRxV1VuR2RySEN4ZXBzbndHdHpsRUxGRVpJSW9pcG5Cc1hSNlViWHlBYWpKM3gxSll6TFE9PSIsImludm9pY2VfZGJfY3JlZGVudGlhbCI6InlkZGlEM09LYWxMT1lpT0V1VTJsTk9JQlY3dDNiTHhNa25VSFVLQkF3Vm9QNHg1T1pLSTlGUHFWVGZjUUhzS0NTOGIreFpURHlRbHdLdGJWeERra2djbXUvZ1MxbVBKV2cwWUNCaEtNWW5iTGR3SUtNNEd4dDM5NFA5amgrelQ2IiwicGF5bWVudF9kYl9jcmVkZW50aWFsIjoiWE5lSWNmTWJ0aFVLREppN25nVW9VenRsUm9DTVdIT1BpS0xaODlkc3NCbnhFc3RHbTlpUU43eXBybFIxekpNMXhqcFBNMVFMdzcxM3p6YmhaZEUyNXVDb1VRSFRDNldGeHV0VGdLUUhlcVE1L0kzWGJIZ0NuM0hRck9MUWMwd1EifQ.PtTaZVWItmsmWBJyBzLgrqoJYfQ6P3F1FkFj0KLyYvY
OTP Verified Token 2 : eyJhbGciOiJIUzI1NiIsInR5cCI6IkpXVCJ9.eyJlbWFpbCI6InBldGNhcmVhNTRAZ21haWwuY29tIiwidXNlcl9pZCI6Miwic3Vic2NyaWJlcl9pZCI6MSwiZXhwIjoxNzM5NjgzOTkyLCJsaWNlbnNlX2lkIjoxLCJhcHBfdXJsIjoiaHR0cHM6Ly9zdGFnaW5nLnBldGNhcmV0ZWNobm9sb2dpZXMuY29tLyIsInVzZXJfZGJfY3JlZGVudGlhbCI6ImVERU9hT1UrVW1ack5BTmJzUVdLN05pblJMN3ZTaUZHelBNenBvcXgrN1JpTmIvblgxM3ZHam4vWmVPQ1lneE9xL3Q2Uko4ZkV6YVJ3NDIrUWFPSVVhaXkwSU9TTG04WFg0SkVhdlM4QUY1Vk1LaDdSQVVlelZzOFZsVFRTMkxSIiwic2VydmljZV9kYl9jcmVkZW50aWFsIjoiQVFGa0taeFF5dmFzZ0p0YTVBNVFRMDc0SkxrT0NMTE9hdFQ3YXAvTDVNUzJRUU9Ub2Y3M0VPRUw2dHNyQ3JsOVphd3lQRlFpMStKSUVJRUNJaVBjbHF0b0srOE5id2RvNVdublRSa0IyV0JyQ3M2WXNmZHNhS3ZXTzNOaWxqREEiLCJib29raW5nX2RiX2NyZWRlbnRpYWwiOiJ3L1g3NnJWQk5Oay85cEYyeHF3MCtIOVRDcEVPNXJuTW9KQTJTS1R6Wk9BVVNCeDlCR3V2WWNJa1NxZnlWYTlVZGNacW5jOTMvUmoraTE1clhaUld1YURmNjRzcjduWGk0OHcrTnVDeGxLc1pDY3ZFSk41TUJJTzVyQVNHdGFtNCIsImNhbGVuZGFyX2RiX2NyZWRlbnRpYWwiOiJBVCtZL0l4Um5DVjhpSnVkOXd3N0NDcWhicUVibVFiQjZZOFBZTWlhT2VmbkhNcEp0U2UxeWlaN2lUUTNrcEpOdk1vNytqc2VlWUJENGw2Nld4ZU52Tmk1VG5lN3VBU0FSamppUXk1dkFpV3dTQWlvQzFNbVROMkFJcE1CWjZKMHVIU1dNS3o0U3VRMWhtVU5iZkdPMGc9PSIsImludm9pY2VfZGJfY3JlZGVudGlhbCI6InJuT1R4ZG5yeGZCNU93TkxVYVoyVEZsQlVlVW0zNE5QWFM0SXhlV0V1WUhKWmZ3cWtPVUpQNmxqWHI3Rm92UG1UblRUR3RneExmT1FxNHNVR3h3SWY0cCtHUTVpU2tIQU5ZcG81VjlVUXVJSUJJZkdOK1k5MVJ0M2V4aHMyM1BjIiwicGF5bWVudF9kYl9jcmVkZW50aWFsIjoiQXBjK2ZEMVFITWFaUXBpQmRQV2IrVFBRczNYbTZoNXZZVlBhdTgydzB5ODBtWStFZXNlZWJ1NEJoN0VQRGVzakdGZFRoRVhNVzFVem1icTBFWVQ3elVvL0RXODEyZ1JxaWtNWXdaWkQ3bVZjMW5rRko3aGFYZXFneE1qWkVXVWsifQ.5lqEzNwy79trdl_sdhOJS2VK3C0js4WxgAno_Y1hF-w
response :  {
    "success": true,
    "access_token": "eyJhbGciOiJIUzI1NiIsInR5cCI6IkpXVCJ9.eyJlbWFpbCI6InBldGNhcmVhNTRAZ21haWwuY29tIiwidXNlcl9pZCI6Miwic3Vic2NyaWJlcl9pZCI6MSwiZXhwIjoxNzMxOTA4Nzk3LCJsaWNlbnNlX2lkIjoxLCJhcHBfdXJsIjoiaHR0cHM6Ly9zdGFnaW5nLnBldGNhcmV0ZWNobm9sb2dpZXMuY29tLyIsInVzZXJfZGJfY3JlZGVudGlhbCI6Imt3dEVpOGp0bVMyUUF3VUZxSVJzUURCdyt5TERiNDZZbjVyZUo4RC90VloyUURMTCtzNTJtMkpDaUJ2aWk5YkE0UDd4SDJoWjkzUXlKVW8rdk5qbWhPL2d4dm1td1dWZmQyR0J2a3BqREJYb0Yra0RPL2U4R3h4QnNHZlBXOXZJIiwic2VydmljZV9kYl9jcmVkZW50aWFsIjoiSjBPOUxzeU5qYnY0ZWFmai9QdHJRMDM2WjRINzU2eEVrR2MwdXl1NG1LaTNFVUJWYnVET2lCV1lOeU9Ba3NvbUszVC81OUxLVzBIY3FXMk8zS09INHBTRGFkTGRVc1o2Mi9GQ3pvUjdoaEZKd0tkTnVQZzY4aUNEcmo1QVk3OEkiLCJib29raW5nX2RiX2NyZWRlbnRpYWwiOiJFWGt2VEVHZ09wdzFPY3JTVXhLamFVeDRWVnREMHQ5ZjkzTktrb1BvZmlMWERxL2FBWWdRUE5HeTF3UHpEWms1YzVWZTNuaGJlVGpIa29tc212NlRkMWhYeDFHS2dOU1EwZWJHWTZYS2R1cUsxbjNFU083OG5XSkJwVEVEQWVrRiIsImNhbGVuZGFyX2RiX2NyZWRlbnRpYWwiOiJYbGN5dklKM3FMbW1FaWtpVnM5dnVxREZkMmdBNWR1WG5ZRUVSUEswd01WWmY1KzJvVE9oc1RESUkweWlaOGZSd01yOTc2SkdGSk9QY3RxMWpuMEtaRlgvc0ZKd0NpdUw5ZjRxV1VuR2RySEN4ZXBzbndHdHpsRUxGRVpJSW9pcG5Cc1hSNlViWHlBYWpKM3gxSll6TFE9PSIsImludm9pY2VfZGJfY3JlZGVudGlhbCI6InlkZGlEM09LYWxMT1lpT0V1VTJsTk9JQlY3dDNiTHhNa25VSFVLQkF3Vm9QNHg1T1pLSTlGUHFWVGZjUUhzS0NTOGIreFpURHlRbHdLdGJWeERra2djbXUvZ1MxbVBKV2cwWUNCaEtNWW5iTGR3SUtNNEd4dDM5NFA5amgrelQ2IiwicGF5bWVudF9kYl9jcmVkZW50aWFsIjoiWE5lSWNmTWJ0aFVLREppN25nVW9VenRsUm9DTVdIT1BpS0xaODlkc3NCbnhFc3RHbTlpUU43eXBybFIxekpNMXhqcFBNMVFMdzcxM3p6YmhaZEUyNXVDb1VRSFRDNldGeHV0VGdLUUhlcVE1L0kzWGJIZ0NuM0hRck9MUWMwd1EifQ.PtTaZVWItmsmWBJyBzLgrqoJYfQ6P3F1FkFj0KLyYvY",
    "refresh_token": "eyJhbGciOiJIUzI1NiIsInR5cCI6IkpXVCJ9.eyJlbWFpbCI6InBldGNhcmVhNTRAZ21haWwuY29tIiwidXNlcl9pZCI6Miwic3Vic2NyaWJlcl9pZCI6MSwiZXhwIjoxNzM5NjgzOTkzLCJsaWNlbnNlX2lkIjoxLCJhcHBfdXJsIjoiaHR0cHM6Ly9zdGFnaW5nLnBldGNhcmV0ZWNobm9sb2dpZXMuY29tLyIsInVzZXJfZGJfY3JlZGVudGlhbCI6IlpDN0Z0RFBESG1UdjFwUmlqUnF3N0VHNG9aNTU3UHpqdlVqRlF0bG90S3hlbDJrQ2x3UHNzVUhxTjBlWXlpM1hBNGtRdDVES3lvWFp0L3lPTEJsR1p3eHdWb0VnbXdiSGJBQWF0NW9nMVQ5ZzVpRDlVTGthY0lxaWU4RnQ3R1BQIiwic2VydmljZV9kYl9jcmVkZW50aWFsIjoiS0xXbTJGQ3NTbzg0UTVVZnVmc1RQbzUwS0tJdVBNMTNYcWFQRFc0RzA4UkVxN1ZVb01xOXcxb0VQMmRPYmlkenV4U0Y2VU55Mmsrc0p6aUV6dFBkSjhjVUFhZWc0WjhQTzhNKzZSdmw4SGlrVVloalJNWk0zZTBvOGwwL0p1Y1oiLCJib29raW5nX2RiX2NyZWRlbnRpYWwiOiJIUWsveVlZaG9pSVVjOGx1TWN6cEFDUnZDeXViYkZyOG4xSHg4b05Kd0ZGeWNJeE9WcjVpbXNnbmdYM0xGSjgwZlNLMHNLZytjalpOMWNpM2ZNeTU4ckp4YmlnTEc3azg0S2Nkb2lHWXFhT0dVY1ZwYXoyQkxnYlZMaHd6SFAwTCIsImNhbGVuZGFyX2RiX2NyZWRlbnRpYWwiOiJGYWIzT0wvejc3VVV5eURsdjRZb0hQSEMvbjljVjRWdjFCRUZWTS9YOTRMc2FBRENKVTVIaWJNZmpmZlhtbTl2MjVNbUN3RjNvdmU0d1NSQVByTmVxSmJmUkRIZjcxV3YrMENLM0hEZHhyRmtTZEorMWxLbVA3a2hSQWJkSEJVTklPOEo5QlM3QUEzZ3kybjhIVlZlQUE9PSIsImludm9pY2VfZGJfY3JlZGVudGlhbCI6IlNOS2xOV2JNZVVLTllEN08wT2FTWXZIRTRrdXJPa0R5Y3E4Sld3MVYycTBkdDBBM2RwZnB4eHNpNWZoMUVmZDRxNnVnd2c4Rm1pQWY5OUVnT21OSW1aamJNbzFjR3VYbVFUL0V5UlhVaVZDSXM0UFlEOVBvQ0h2MmU3ZlgrK0VzIiwicGF5bWVudF9kYl9jcmVkZW50aWFsIjoiSDhISWdKZ3AzL2xFVkJWRERiN1ZWcE1pbjdMTTAvYTV3VHo5ekMwVTFZcGVoUmFlcWRHTnRGbWlneFpVWG5SbjlERDNFS21rb2JlS0MzZlBPZnQwVGY1RGxXN0tCY3Qzd2g1YkNkM25DczluUmJUa3NQSVRldFNWb0p1VkJYek4ifQ.sq8RxEYRwURXwHmFVEcn0rtLegtpElKCgrrQROjxY9U",
    "token_type": "bearer",
    "email": "petcarea54@gmail.com",
    "user_id": 2,
    "subscriber_id": 1,
    "expiration_time": "2025-02-16 05:33:12",
    "access_expiration_time": "2024-11-18 05:46:37",
    "refresh_expiration_time": "2025-02-16 05:33:13",
    "redirect_url": null,
    "device_id": "e07061c9-acf1-432f-ad82-c065190f1201",
    "organizational_settings": {
        "beneficiary_type": "Pet",
        "beneficiary_subtype": "Breed",
        "user_approval_configuration": 0,
        "manual_approval": 1,
        "organizational_name": "Pet care technology staging",
        "organization_logo": "https://staging-booking.agilecyber.com/files/files/1/user/logo.png",
        "invoice_id": null,
        "invoice_name": null,
        "payment_id": null,
        "payment_name": null
    }
}
New Refresh Token: eyJhbGciOiJIUzI1NiIsInR5cCI6IkpXVCJ9.eyJlbWFpbCI6InBldGNhcmVhNTRAZ21haWwuY29tIiwidXNlcl9pZCI6Miwic3Vic2NyaWJlcl9pZCI6MSwiZXhwIjoxNzM5NjgzOTkzLCJsaWNlbnNlX2lkIjoxLCJhcHBfdXJsIjoiaHR0cHM6Ly9zdGFnaW5nLnBldGNhcmV0ZWNobm9sb2dpZXMuY29tLyIsInVzZXJfZGJfY3JlZGVudGlhbCI6IlpDN0Z0RFBESG1UdjFwUmlqUnF3N0VHNG9aNTU3UHpqdlVqRlF0bG90S3hlbDJrQ2x3UHNzVUhxTjBlWXlpM1hBNGtRdDVES3lvWFp0L3lPTEJsR1p3eHdWb0VnbXdiSGJBQWF0NW9nMVQ5ZzVpRDlVTGthY0lxaWU4RnQ3R1BQIiwic2VydmljZV9kYl9jcmVkZW50aWFsIjoiS0xXbTJGQ3NTbzg0UTVVZnVmc1RQbzUwS0tJdVBNMTNYcWFQRFc0RzA4UkVxN1ZVb01xOXcxb0VQMmRPYmlkenV4U0Y2VU55Mmsrc0p6aUV6dFBkSjhjVUFhZWc0WjhQTzhNKzZSdmw4SGlrVVloalJNWk0zZTBvOGwwL0p1Y1oiLCJib29raW5nX2RiX2NyZWRlbnRpYWwiOiJIUWsveVlZaG9pSVVjOGx1TWN6cEFDUnZDeXViYkZyOG4xSHg4b05Kd0ZGeWNJeE9WcjVpbXNnbmdYM0xGSjgwZlNLMHNLZytjalpOMWNpM2ZNeTU4ckp4YmlnTEc3azg0S2Nkb2lHWXFhT0dVY1ZwYXoyQkxnYlZMaHd6SFAwTCIsImNhbGVuZGFyX2RiX2NyZWRlbnRpYWwiOiJGYWIzT0wvejc3VVV5eURsdjRZb0hQSEMvbjljVjRWdjFCRUZWTS9YOTRMc2FBRENKVTVIaWJNZmpmZlhtbTl2MjVNbUN3RjNvdmU0d1NSQVByTmVxSmJmUkRIZjcxV3YrMENLM0hEZHhyRmtTZEorMWxLbVA3a2hSQWJkSEJVTklPOEo5QlM3QUEzZ3kybjhIVlZlQUE9PSIsImludm9pY2VfZGJfY3JlZGVudGlhbCI6IlNOS2xOV2JNZVVLTllEN08wT2FTWXZIRTRrdXJPa0R5Y3E4Sld3MVYycTBkdDBBM2RwZnB4eHNpNWZoMUVmZDRxNnVnd2c4Rm1pQWY5OUVnT21OSW1aamJNbzFjR3VYbVFUL0V5UlhVaVZDSXM0UFlEOVBvQ0h2MmU3ZlgrK0VzIiwicGF5bWVudF9kYl9jcmVkZW50aWFsIjoiSDhISWdKZ3AzL2xFVkJWRERiN1ZWcE1pbjdMTTAvYTV3VHo5ekMwVTFZcGVoUmFlcWRHTnRGbWlneFpVWG5SbjlERDNFS21rb2JlS0MzZlBPZnQwVGY1RGxXN0tCY3Qzd2g1YkNkM25DczluUmJUa3NQSVRldFNWb0p1VkJYek4ifQ.sq8RxEYRwURXwHmFVEcn0rtLegtpElKCgrrQROjxY9U
Extracted Day: 200
Service: Service Atomarr | Time Slots Count: 31
Service: Service Atomarr | Max_allowed_date_for_booking: {"day": 200}
Service: Service Atomarr | available_date_from: 11-11-2024
Service: Service Atomarr | available_date_from: 22-10-2025
{"day": null}
{"day": 200}
Extracted Day: 200
Response Status Code: 200
Records Total: 34
Slot Names: [eve, Morning99, Sloteeee, Sloteeeeeeee, Morningyyyy, Morningo, Morningoo, Morning1288, new ts01, Night3, slot22, nameas, Morning only available, Morning12887, Morning123, Morning12, Night Owl Slot, Evening Rush, Twilight Session, Golden Hour, Afternoon Breeze, LateMorning, Dusk, EarlyMorning, Morning2, Evening2, Morning1, Night1, Afternoon1, Evening1, next evening, Evening, Lunch Time, Morning]
]]></system-out>
    <system-err><![CDATA[SLF4J(W): No SLF4J providers were found.
SLF4J(W): Defaulting to no-operation (NOP) logger implementation
SLF4J(W): See https://www.slf4j.org/codes.html#noProviders for further details.
]]></system-err>
  </testcase>
  <testcase name="NewUserApproval" classname="com.testing.TestRunner" time="0.015">
    <failure type="java.lang.NullPointerException"><![CDATA[java.lang.NullPointerException
	at com.testing.TestRunner.NewUserApproval(TestRunner.java:73)
]]></failure>
  </testcase>
  <testcase name="CreateAdmin" classname="com.testing.TestRunner" time="0.007">
    <failure type="java.lang.NullPointerException"><![CDATA[java.lang.NullPointerException
	at com.testing.TestRunner.CreateAdmin(TestRunner.java:82)
]]></failure>
  </testcase>
  <testcase name="CreateStaff" classname="com.testing.TestRunner" time="0.008">
    <failure type="java.lang.NullPointerException"><![CDATA[java.lang.NullPointerException
	at com.testing.TestRunner.CreateStaff(TestRunner.java:91)
]]></failure>
  </testcase>
  <testcase name="CreateTag" classname="com.testing.TestRunner" time="0.006">
    <failure type="java.lang.NullPointerException"><![CDATA[java.lang.NullPointerException
	at com.testing.TestRunner.CreateTag(TestRunner.java:99)
]]></failure>
  </testcase>
  <testcase name="CreateSlot" classname="com.testing.TestRunner" time="0.008">
    <failure type="java.lang.NullPointerException"><![CDATA[java.lang.NullPointerException
	at com.testing.TestRunner.CreateSlot(TestRunner.java:107)
]]></failure>
  </testcase>
  <testcase name="ServiceCreation" classname="com.testing.TestRunner" time="5.809">
    <failure type="java.lang.NullPointerException"><![CDATA[java.lang.NullPointerException
	at com.testing.TestRunner.ServiceCreation(TestRunner.java:117)
]]></failure>
    <system-out><![CDATA[response :  {
    "success": true,
    "access_token": "eyJhbGciOiJIUzI1NiIsInR5cCI6IkpXVCJ9.eyJlbWFpbCI6InBldGNhcmVhNTRAZ21haWwuY29tIiwidXNlcl9pZCI6Miwic3Vic2NyaWJlcl9pZCI6MSwiZXhwIjoxNzMxOTA4Nzk3LCJsaWNlbnNlX2lkIjoxLCJhcHBfdXJsIjoiaHR0cHM6Ly9zdGFnaW5nLnBldGNhcmV0ZWNobm9sb2dpZXMuY29tLyIsInVzZXJfZGJfY3JlZGVudGlhbCI6Imt3dEVpOGp0bVMyUUF3VUZxSVJzUURCdyt5TERiNDZZbjVyZUo4RC90VloyUURMTCtzNTJtMkpDaUJ2aWk5YkE0UDd4SDJoWjkzUXlKVW8rdk5qbWhPL2d4dm1td1dWZmQyR0J2a3BqREJYb0Yra0RPL2U4R3h4QnNHZlBXOXZJIiwic2VydmljZV9kYl9jcmVkZW50aWFsIjoiSjBPOUxzeU5qYnY0ZWFmai9QdHJRMDM2WjRINzU2eEVrR2MwdXl1NG1LaTNFVUJWYnVET2lCV1lOeU9Ba3NvbUszVC81OUxLVzBIY3FXMk8zS09INHBTRGFkTGRVc1o2Mi9GQ3pvUjdoaEZKd0tkTnVQZzY4aUNEcmo1QVk3OEkiLCJib29raW5nX2RiX2NyZWRlbnRpYWwiOiJFWGt2VEVHZ09wdzFPY3JTVXhLamFVeDRWVnREMHQ5ZjkzTktrb1BvZmlMWERxL2FBWWdRUE5HeTF3UHpEWms1YzVWZTNuaGJlVGpIa29tc212NlRkMWhYeDFHS2dOU1EwZWJHWTZYS2R1cUsxbjNFU083OG5XSkJwVEVEQWVrRiIsImNhbGVuZGFyX2RiX2NyZWRlbnRpYWwiOiJYbGN5dklKM3FMbW1FaWtpVnM5dnVxREZkMmdBNWR1WG5ZRUVSUEswd01WWmY1KzJvVE9oc1RESUkweWlaOGZSd01yOTc2SkdGSk9QY3RxMWpuMEtaRlgvc0ZKd0NpdUw5ZjRxV1VuR2RySEN4ZXBzbndHdHpsRUxGRVpJSW9pcG5Cc1hSNlViWHlBYWpKM3gxSll6TFE9PSIsImludm9pY2VfZGJfY3JlZGVudGlhbCI6InlkZGlEM09LYWxMT1lpT0V1VTJsTk9JQlY3dDNiTHhNa25VSFVLQkF3Vm9QNHg1T1pLSTlGUHFWVGZjUUhzS0NTOGIreFpURHlRbHdLdGJWeERra2djbXUvZ1MxbVBKV2cwWUNCaEtNWW5iTGR3SUtNNEd4dDM5NFA5amgrelQ2IiwicGF5bWVudF9kYl9jcmVkZW50aWFsIjoiWE5lSWNmTWJ0aFVLREppN25nVW9VenRsUm9DTVdIT1BpS0xaODlkc3NCbnhFc3RHbTlpUU43eXBybFIxekpNMXhqcFBNMVFMdzcxM3p6YmhaZEUyNXVDb1VRSFRDNldGeHV0VGdLUUhlcVE1L0kzWGJIZ0NuM0hRck9MUWMwd1EifQ.PtTaZVWItmsmWBJyBzLgrqoJYfQ6P3F1FkFj0KLyYvY",
    "refresh_token": "eyJhbGciOiJIUzI1NiIsInR5cCI6IkpXVCJ9.eyJlbWFpbCI6InBldGNhcmVhNTRAZ21haWwuY29tIiwidXNlcl9pZCI6Miwic3Vic2NyaWJlcl9pZCI6MSwiZXhwIjoxNzM5Njg0MDE4LCJsaWNlbnNlX2lkIjoxLCJhcHBfdXJsIjoiaHR0cHM6Ly9zdGFnaW5nLnBldGNhcmV0ZWNobm9sb2dpZXMuY29tLyIsInVzZXJfZGJfY3JlZGVudGlhbCI6Ijlvb3IvdjNVUndWdWJOMlRoUkQ1TStWUWw5dGI3NEtxT1NnOURVUzdmZEFwcEI0ZDkxWXpuMWNCaGw5MTZhbnlIY0gwTEpsWXpFNUlEZDVxSjhlWjlmT2QzWTIwM3ZjN2xMbnJyV250VzRmeFlHWjhmMTJDb1RJT0lwT0hHcXF6Iiwic2VydmljZV9kYl9jcmVkZW50aWFsIjoiL3lOTk9JRTRPRlVvOUdwbFVZcklJaUxjc3FQU3VrQUNCeE9xRzR1MENUYjRHUFdmQjlocmZ5Wi9DV2R1bjRTblg3eWdEMWJ2VWN1MXZyOEI5WVJzQkp6RjBQb1dUYkFDYWozS25GSFNQQlRsU3d2RHk1TjkxYVg5WWg4NitFVTIiLCJib29raW5nX2RiX2NyZWRlbnRpYWwiOiIxZDh2TTNEWlF2aGZ0RWJBeTd4cTZmb2QzWmpvMzFvSTAvWitMLzRvTXNmcEdLNzQwcjFTS2w0a3M1WnludWNSTFFyZUc3YWNQTk1uQXAxcXJnWWZVZzZSZWYwcDREWjBkRnVtWldXU3M1c2VOUkF3K2R4akFWU0xjTmNTSW01dSIsImNhbGVuZGFyX2RiX2NyZWRlbnRpYWwiOiJveGUveDZhQW1UUm9vZThvL2UwWU1DeGErQzkvMENheVVjeHBWSVM0ZytFYk01THdLL093Y1pleWtIMGtrbEw0SjdKSk9nR1o1a1NGYUZpNjA1OGlXdEFBUFFnK3ByUVNicW5kSkhQNzdYRTUvd3NDdTVTT1JMbSs4TTlDMU9xMHpUSGRXQ0I5OWI4NWNuWTM2bGFrVlE9PSIsImludm9pY2VfZGJfY3JlZGVudGlhbCI6IklMNERpaU41aXZZMG1QQlQ0SDlMdktKTjA2Q2tTSm93UFRvY1ZzWVNCenRYOVFRMDZVK3RWYUF0eTNWbElBUkJGRitIUGxGam1pSU4yU1o3VDZpSUdMTllQVUxFaUhjOWk5MWd3OFk5ZFpRdzY4WnpJWWNNTy9UYTJZcVhvZjFWIiwicGF5bWVudF9kYl9jcmVkZW50aWFsIjoiVVhEZDdJN0VScFIwamJYcnVCbWd1ak8vT3k0WkxvTlQ1akJPNkIxNzVUTTF5RWN6N1UzT0crZm9KT05wTUFUWkVNRDNxV21QL0JydzJkb1ZJSFVpL0RqZy9VZmlQeFBib2IzWU9zakpkL25CWGJ4Vi9sM0JmUjVNUzkrdU5YaEkifQ.kVbA4MZNd-kVi0ujGs92_4MvexY9WKjlT5W_GEjixSo",
    "token_type": "bearer",
    "email": "petcarea54@gmail.com",
    "user_id": 2,
    "subscriber_id": 1,
    "expiration_time": "2025-02-16 05:33:12",
    "access_expiration_time": "2024-11-18 05:46:37",
    "refresh_expiration_time": "2025-02-16 05:33:38",
    "redirect_url": null,
    "device_id": "e07061c9-acf1-432f-ad82-c065190f1201",
    "organizational_settings": {
        "beneficiary_type": "Pet",
        "beneficiary_subtype": "Breed",
        "user_approval_configuration": 0,
        "manual_approval": 1,
        "organizational_name": "Pet care technology staging",
        "organization_logo": "https://staging-booking.agilecyber.com/files/files/1/user/logo.png",
        "invoice_id": null,
        "invoice_name": null,
        "payment_id": null,
        "payment_name": null
    }
}
New Refresh Token: eyJhbGciOiJIUzI1NiIsInR5cCI6IkpXVCJ9.eyJlbWFpbCI6InBldGNhcmVhNTRAZ21haWwuY29tIiwidXNlcl9pZCI6Miwic3Vic2NyaWJlcl9pZCI6MSwiZXhwIjoxNzM5Njg0MDE4LCJsaWNlbnNlX2lkIjoxLCJhcHBfdXJsIjoiaHR0cHM6Ly9zdGFnaW5nLnBldGNhcmV0ZWNobm9sb2dpZXMuY29tLyIsInVzZXJfZGJfY3JlZGVudGlhbCI6Ijlvb3IvdjNVUndWdWJOMlRoUkQ1TStWUWw5dGI3NEtxT1NnOURVUzdmZEFwcEI0ZDkxWXpuMWNCaGw5MTZhbnlIY0gwTEpsWXpFNUlEZDVxSjhlWjlmT2QzWTIwM3ZjN2xMbnJyV250VzRmeFlHWjhmMTJDb1RJT0lwT0hHcXF6Iiwic2VydmljZV9kYl9jcmVkZW50aWFsIjoiL3lOTk9JRTRPRlVvOUdwbFVZcklJaUxjc3FQU3VrQUNCeE9xRzR1MENUYjRHUFdmQjlocmZ5Wi9DV2R1bjRTblg3eWdEMWJ2VWN1MXZyOEI5WVJzQkp6RjBQb1dUYkFDYWozS25GSFNQQlRsU3d2RHk1TjkxYVg5WWg4NitFVTIiLCJib29raW5nX2RiX2NyZWRlbnRpYWwiOiIxZDh2TTNEWlF2aGZ0RWJBeTd4cTZmb2QzWmpvMzFvSTAvWitMLzRvTXNmcEdLNzQwcjFTS2w0a3M1WnludWNSTFFyZUc3YWNQTk1uQXAxcXJnWWZVZzZSZWYwcDREWjBkRnVtWldXU3M1c2VOUkF3K2R4akFWU0xjTmNTSW01dSIsImNhbGVuZGFyX2RiX2NyZWRlbnRpYWwiOiJveGUveDZhQW1UUm9vZThvL2UwWU1DeGErQzkvMENheVVjeHBWSVM0ZytFYk01THdLL093Y1pleWtIMGtrbEw0SjdKSk9nR1o1a1NGYUZpNjA1OGlXdEFBUFFnK3ByUVNicW5kSkhQNzdYRTUvd3NDdTVTT1JMbSs4TTlDMU9xMHpUSGRXQ0I5OWI4NWNuWTM2bGFrVlE9PSIsImludm9pY2VfZGJfY3JlZGVudGlhbCI6IklMNERpaU41aXZZMG1QQlQ0SDlMdktKTjA2Q2tTSm93UFRvY1ZzWVNCenRYOVFRMDZVK3RWYUF0eTNWbElBUkJGRitIUGxGam1pSU4yU1o3VDZpSUdMTllQVUxFaUhjOWk5MWd3OFk5ZFpRdzY4WnpJWWNNTy9UYTJZcVhvZjFWIiwicGF5bWVudF9kYl9jcmVkZW50aWFsIjoiVVhEZDdJN0VScFIwamJYcnVCbWd1ak8vT3k0WkxvTlQ1akJPNkIxNzVUTTF5RWN6N1UzT0crZm9KT05wTUFUWkVNRDNxV21QL0JydzJkb1ZJSFVpL0RqZy9VZmlQeFBib2IzWU9zakpkL25CWGJ4Vi9sM0JmUjVNUzkrdU5YaEkifQ.kVbA4MZNd-kVi0ujGs92_4MvexY9WKjlT5W_GEjixSo
Response Status Code: 200
Records Total: 34
Slot Names: [eve, Morning99, Sloteeee, Sloteeeeeeee, Morningyyyy, Morningo, Morningoo, Morning1288, new ts01, Night3, slot22, nameas, Morning only available, Morning12887, Morning123, Morning12, Night Owl Slot, Evening Rush, Twilight Session, Golden Hour, Afternoon Breeze, LateMorning, Dusk, EarlyMorning, Morning2, Evening2, Morning1, Night1, Afternoon1, Evening1, next evening, Evening, Lunch Time, Morning]
]]></system-out>
  </testcase>
  <testcase name="Logout_Admin" classname="com.testing.TestRunner" time="0.003">
    <failure type="java.lang.NullPointerException"><![CDATA[java.lang.NullPointerException
	at com.testing.TestRunner.Logout_Admin(TestRunner.java:124)
]]></failure>
  </testcase>
  <testcase name="Login_PredefinedCustomer" classname="com.testing.TestRunner" time="0.007">
    <failure type="java.lang.NullPointerException"><![CDATA[java.lang.NullPointerException
	at com.testing.TestRunner.Login_PredefinedCustomer(TestRunner.java:130)
]]></failure>
  </testcase>
  <testcase name="BookingFlowCustomer" classname="com.testing.TestRunner" time="28.779">
    <failure type="java.lang.NullPointerException"><![CDATA[java.lang.NullPointerException
	at com.testing.TestRunner.BookingFlowCustomer(TestRunner.java:138)
]]></failure>
    <system-out><![CDATA[response :  {
    "success": true,
    "access_token": "eyJhbGciOiJIUzI1NiIsInR5cCI6IkpXVCJ9.eyJlbWFpbCI6InBldGNhcmVhNTRAZ21haWwuY29tIiwidXNlcl9pZCI6Miwic3Vic2NyaWJlcl9pZCI6MSwiZXhwIjoxNzMxOTA4Nzk3LCJsaWNlbnNlX2lkIjoxLCJhcHBfdXJsIjoiaHR0cHM6Ly9zdGFnaW5nLnBldGNhcmV0ZWNobm9sb2dpZXMuY29tLyIsInVzZXJfZGJfY3JlZGVudGlhbCI6Imt3dEVpOGp0bVMyUUF3VUZxSVJzUURCdyt5TERiNDZZbjVyZUo4RC90VloyUURMTCtzNTJtMkpDaUJ2aWk5YkE0UDd4SDJoWjkzUXlKVW8rdk5qbWhPL2d4dm1td1dWZmQyR0J2a3BqREJYb0Yra0RPL2U4R3h4QnNHZlBXOXZJIiwic2VydmljZV9kYl9jcmVkZW50aWFsIjoiSjBPOUxzeU5qYnY0ZWFmai9QdHJRMDM2WjRINzU2eEVrR2MwdXl1NG1LaTNFVUJWYnVET2lCV1lOeU9Ba3NvbUszVC81OUxLVzBIY3FXMk8zS09INHBTRGFkTGRVc1o2Mi9GQ3pvUjdoaEZKd0tkTnVQZzY4aUNEcmo1QVk3OEkiLCJib29raW5nX2RiX2NyZWRlbnRpYWwiOiJFWGt2VEVHZ09wdzFPY3JTVXhLamFVeDRWVnREMHQ5ZjkzTktrb1BvZmlMWERxL2FBWWdRUE5HeTF3UHpEWms1YzVWZTNuaGJlVGpIa29tc212NlRkMWhYeDFHS2dOU1EwZWJHWTZYS2R1cUsxbjNFU083OG5XSkJwVEVEQWVrRiIsImNhbGVuZGFyX2RiX2NyZWRlbnRpYWwiOiJYbGN5dklKM3FMbW1FaWtpVnM5dnVxREZkMmdBNWR1WG5ZRUVSUEswd01WWmY1KzJvVE9oc1RESUkweWlaOGZSd01yOTc2SkdGSk9QY3RxMWpuMEtaRlgvc0ZKd0NpdUw5ZjRxV1VuR2RySEN4ZXBzbndHdHpsRUxGRVpJSW9pcG5Cc1hSNlViWHlBYWpKM3gxSll6TFE9PSIsImludm9pY2VfZGJfY3JlZGVudGlhbCI6InlkZGlEM09LYWxMT1lpT0V1VTJsTk9JQlY3dDNiTHhNa25VSFVLQkF3Vm9QNHg1T1pLSTlGUHFWVGZjUUhzS0NTOGIreFpURHlRbHdLdGJWeERra2djbXUvZ1MxbVBKV2cwWUNCaEtNWW5iTGR3SUtNNEd4dDM5NFA5amgrelQ2IiwicGF5bWVudF9kYl9jcmVkZW50aWFsIjoiWE5lSWNmTWJ0aFVLREppN25nVW9VenRsUm9DTVdIT1BpS0xaODlkc3NCbnhFc3RHbTlpUU43eXBybFIxekpNMXhqcFBNMVFMdzcxM3p6YmhaZEUyNXVDb1VRSFRDNldGeHV0VGdLUUhlcVE1L0kzWGJIZ0NuM0hRck9MUWMwd1EifQ.PtTaZVWItmsmWBJyBzLgrqoJYfQ6P3F1FkFj0KLyYvY",
    "refresh_token": "eyJhbGciOiJIUzI1NiIsInR5cCI6IkpXVCJ9.eyJlbWFpbCI6InBldGNhcmVhNTRAZ21haWwuY29tIiwidXNlcl9pZCI6Miwic3Vic2NyaWJlcl9pZCI6MSwiZXhwIjoxNzM5Njg0MDI0LCJsaWNlbnNlX2lkIjoxLCJhcHBfdXJsIjoiaHR0cHM6Ly9zdGFnaW5nLnBldGNhcmV0ZWNobm9sb2dpZXMuY29tLyIsInVzZXJfZGJfY3JlZGVudGlhbCI6IllZL055a05rM0MyeDBKS1pPOW9jNVhrVzdHdWhjRFZLaG4ybXhUNkY0N0VlejlLSzlxS0hRYmEzcFVwU0hKb0VjYkFwQnU1THREK2M0c2hzTUtQOEIyMy91bytSalpmcVVJcE96czY1Q1NTenB2OFFSM212Q3Bhcnl6MTFrVk9uIiwic2VydmljZV9kYl9jcmVkZW50aWFsIjoiUnFCVUw0OTVDbHViRERuSnk2Y09FWWZsRVZuZndUUCtJKzVQUU1JbGYxSXdNdjErUVRWZnp6bjBWc2l3bFVFLzNWZ3N6MWVCV3ZDSFIyK0pCelVDNis3UDg4b1VPUzBPMW9GSDYrOWdhWGJ3UlJyTE41c1pwUXkrSCtIb0dXUjciLCJib29raW5nX2RiX2NyZWRlbnRpYWwiOiJJK2VIYytLQjlPc1NDZDVZdVZxb0c2M291TmdEWmlyMDFqbFNQYjBnallDd3VZVmtPSU9DTjRMK0FYNGJkaDhVcFZvUkJuQWlQTmh1V3NsRWh3c3IvRWVFbUkrdzQwdWNIVVZTdVdOaHdhMzcwTWFIVHNzUDI5c1BMVnJLSnBFcyIsImNhbGVuZGFyX2RiX2NyZWRlbnRpYWwiOiJlSmg2N0ZzVkpJV2xUYmRjZ0xnMHAxcDZXTlZCM0lSeG81R1JCZ29xdzdTREE4d1E3Qm81STBZNHNXS29yRmdOazU3WXhaVVFveFZBWW1hM1V0b2xYdEp1aTF0SVN2Qkw0QWhiS21lSFJwS1VCcytCVTUyV0RlL2d0T0RWWXNEZnprOXcrWitKUjFvSFljT3hvTjZzWWc9PSIsImludm9pY2VfZGJfY3JlZGVudGlhbCI6IjJsOWlWckNibkUrM2JtWEJMYTIvUk9Vb2hqWnpUc1BEbkRwRm0vQ2lFNkVuU1JxTWpsYkVIZmRBMWtiZ3RnWW5BSEZwbER5LzhOcm9oZXlpTkRSMnRNMTlNNHFDSWFVU05Na05tc3ljY290QUlBcGVEVXRnSXo3VXJkdkYybXVxIiwicGF5bWVudF9kYl9jcmVkZW50aWFsIjoiZWJJTVRmSXFZTGpldThENFVjZmQvd1l6MFQ5QXFVelc5MmdhRHltV2Facm9wb0N5YXovR1ZBTjhUd2htVDZzMHJQeVh0bkFvSll5WU1EeEpLUkZCNHEzaWFnUFRLNlhJaWZXaHVWUDdOY0VvS21pWXJ3ZXJVWWNnRXRxR0ROcjAifQ.XMIMoDi3waFI8zknuNUk8hZ-_fRg7mnaIDqtLegtrbQ",
    "token_type": "bearer",
    "email": "petcarea54@gmail.com",
    "user_id": 2,
    "subscriber_id": 1,
    "expiration_time": "2025-02-16 05:33:12",
    "access_expiration_time": "2024-11-18 05:46:37",
    "refresh_expiration_time": "2025-02-16 05:33:44",
    "redirect_url": null,
    "device_id": "e07061c9-acf1-432f-ad82-c065190f1201",
    "organizational_settings": {
        "beneficiary_type": "Pet",
        "beneficiary_subtype": "Breed",
        "user_approval_configuration": 0,
        "manual_approval": 1,
        "organizational_name": "Pet care technology staging",
        "organization_logo": "https://staging-booking.agilecyber.com/files/files/1/user/logo.png",
        "invoice_id": null,
        "invoice_name": null,
        "payment_id": null,
        "payment_name": null
    }
}
New Refresh Token: eyJhbGciOiJIUzI1NiIsInR5cCI6IkpXVCJ9.eyJlbWFpbCI6InBldGNhcmVhNTRAZ21haWwuY29tIiwidXNlcl9pZCI6Miwic3Vic2NyaWJlcl9pZCI6MSwiZXhwIjoxNzM5Njg0MDI0LCJsaWNlbnNlX2lkIjoxLCJhcHBfdXJsIjoiaHR0cHM6Ly9zdGFnaW5nLnBldGNhcmV0ZWNobm9sb2dpZXMuY29tLyIsInVzZXJfZGJfY3JlZGVudGlhbCI6IllZL055a05rM0MyeDBKS1pPOW9jNVhrVzdHdWhjRFZLaG4ybXhUNkY0N0VlejlLSzlxS0hRYmEzcFVwU0hKb0VjYkFwQnU1THREK2M0c2hzTUtQOEIyMy91bytSalpmcVVJcE96czY1Q1NTenB2OFFSM212Q3Bhcnl6MTFrVk9uIiwic2VydmljZV9kYl9jcmVkZW50aWFsIjoiUnFCVUw0OTVDbHViRERuSnk2Y09FWWZsRVZuZndUUCtJKzVQUU1JbGYxSXdNdjErUVRWZnp6bjBWc2l3bFVFLzNWZ3N6MWVCV3ZDSFIyK0pCelVDNis3UDg4b1VPUzBPMW9GSDYrOWdhWGJ3UlJyTE41c1pwUXkrSCtIb0dXUjciLCJib29raW5nX2RiX2NyZWRlbnRpYWwiOiJJK2VIYytLQjlPc1NDZDVZdVZxb0c2M291TmdEWmlyMDFqbFNQYjBnallDd3VZVmtPSU9DTjRMK0FYNGJkaDhVcFZvUkJuQWlQTmh1V3NsRWh3c3IvRWVFbUkrdzQwdWNIVVZTdVdOaHdhMzcwTWFIVHNzUDI5c1BMVnJLSnBFcyIsImNhbGVuZGFyX2RiX2NyZWRlbnRpYWwiOiJlSmg2N0ZzVkpJV2xUYmRjZ0xnMHAxcDZXTlZCM0lSeG81R1JCZ29xdzdTREE4d1E3Qm81STBZNHNXS29yRmdOazU3WXhaVVFveFZBWW1hM1V0b2xYdEp1aTF0SVN2Qkw0QWhiS21lSFJwS1VCcytCVTUyV0RlL2d0T0RWWXNEZnprOXcrWitKUjFvSFljT3hvTjZzWWc9PSIsImludm9pY2VfZGJfY3JlZGVudGlhbCI6IjJsOWlWckNibkUrM2JtWEJMYTIvUk9Vb2hqWnpUc1BEbkRwRm0vQ2lFNkVuU1JxTWpsYkVIZmRBMWtiZ3RnWW5BSEZwbER5LzhOcm9oZXlpTkRSMnRNMTlNNHFDSWFVU05Na05tc3ljY290QUlBcGVEVXRnSXo3VXJkdkYybXVxIiwicGF5bWVudF9kYl9jcmVkZW50aWFsIjoiZWJJTVRmSXFZTGpldThENFVjZmQvd1l6MFQ5QXFVelc5MmdhRHltV2Facm9wb0N5YXovR1ZBTjhUd2htVDZzMHJQeVh0bkFvSll5WU1EeEpLUkZCNHEzaWFnUFRLNlhJaWZXaHVWUDdOY0VvS21pWXJ3ZXJVWWNnRXRxR0ROcjAifQ.XMIMoDi3waFI8zknuNUk8hZ-_fRg7mnaIDqtLegtrbQ
Extracted Day: 200
Service: Service Atomarr | Time Slots Count: 31
Service: Service Atomarr | Max_allowed_date_for_booking: {"day": 200}
Service: Service Atomarr | available_date_from: 11-11-2024
Service: Service Atomarr | available_date_from: 22-10-2025
{"day": null}
{"day": 200}
Extracted Day: 200
]]></system-out>
  </testcase>
</testsuite>