<?xml version="1.0" encoding="UTF-8"?>
<testsuite xmlns:xsi="http://www.w3.org/2001/XMLSchema-instance" xsi:noNamespaceSchemaLocation="https://maven.apache.org/surefire/maven-surefire-plugin/xsd/surefire-test-report-3.0.xsd" version="3.0" name="com.testing.TestRunner" time="1,418.121" tests="12" errors="0" skipped="0" failures="11">
  <properties>
    <property name="sun.desktop" value="windows"/>
    <property name="awt.toolkit" value="sun.awt.windows.WToolkit"/>
    <property name="java.specification.version" value="11"/>
    <property name="sun.cpu.isalist" value="amd64"/>
    <property name="sun.jnu.encoding" value="Cp1252"/>
    <property name="java.class.path" value="C:\Users\ACS\Downloads\smoke\smoke\target\test-classes;C:\Users\ACS\Downloads\smoke\smoke\target\classes;C:\Users\ACS\.m2\repository\io\appium\java-client\9.2.2\java-client-9.2.2.jar;C:\Users\ACS\.m2\repository\org\seleniumhq\selenium\selenium-api\4.26.0\selenium-api-4.26.0.jar;C:\Users\ACS\.m2\repository\org\jspecify\jspecify\1.0.0\jspecify-1.0.0.jar;C:\Users\ACS\.m2\repository\org\seleniumhq\selenium\selenium-remote-driver\4.26.0\selenium-remote-driver-4.26.0.jar;C:\Users\ACS\.m2\repository\com\google\auto\service\auto-service-annotations\1.1.1\auto-service-annotations-1.1.1.jar;C:\Users\ACS\.m2\repository\io\opentelemetry\semconv\opentelemetry-semconv\1.25.0-alpha\opentelemetry-semconv-1.25.0-alpha.jar;C:\Users\ACS\.m2\repository\io\opentelemetry\opentelemetry-api\1.43.0\opentelemetry-api-1.43.0.jar;C:\Users\ACS\.m2\repository\io\opentelemetry\opentelemetry-context\1.43.0\opentelemetry-context-1.43.0.jar;C:\Users\ACS\.m2\repository\io\opentelemetry\opentelemetry-exporter-logging\1.43.0\opentelemetry-exporter-logging-1.43.0.jar;C:\Users\ACS\.m2\repository\io\opentelemetry\opentelemetry-sdk-common\1.43.0\opentelemetry-sdk-common-1.43.0.jar;C:\Users\ACS\.m2\repository\io\opentelemetry\opentelemetry-sdk-extension-autoconfigure-spi\1.43.0\opentelemetry-sdk-extension-autoconfigure-spi-1.43.0.jar;C:\Users\ACS\.m2\repository\io\opentelemetry\opentelemetry-sdk-extension-autoconfigure\1.43.0\opentelemetry-sdk-extension-autoconfigure-1.43.0.jar;C:\Users\ACS\.m2\repository\io\opentelemetry\opentelemetry-api-incubator\1.43.0-alpha\opentelemetry-api-incubator-1.43.0-alpha.jar;C:\Users\ACS\.m2\repository\io\opentelemetry\opentelemetry-sdk-trace\1.43.0\opentelemetry-sdk-trace-1.43.0.jar;C:\Users\ACS\.m2\repository\io\opentelemetry\opentelemetry-sdk\1.43.0\opentelemetry-sdk-1.43.0.jar;C:\Users\ACS\.m2\repository\io\opentelemetry\opentelemetry-sdk-metrics\1.43.0\opentelemetry-sdk-metrics-1.43.0.jar;C:\Users\ACS\.m2\repository\io\opentelemetry\opentelemetry-sdk-logs\1.43.0\opentelemetry-sdk-logs-1.43.0.jar;C:\Users\ACS\.m2\repository\net\bytebuddy\byte-buddy\1.15.7\byte-buddy-1.15.7.jar;C:\Users\ACS\.m2\repository\org\seleniumhq\selenium\selenium-http\4.26.0\selenium-http-4.26.0.jar;C:\Users\ACS\.m2\repository\dev\failsafe\failsafe\3.3.2\failsafe-3.3.2.jar;C:\Users\ACS\.m2\repository\org\seleniumhq\selenium\selenium-json\4.26.0\selenium-json-4.26.0.jar;C:\Users\ACS\.m2\repository\org\seleniumhq\selenium\selenium-manager\4.26.0\selenium-manager-4.26.0.jar;C:\Users\ACS\.m2\repository\org\seleniumhq\selenium\selenium-os\4.26.0\selenium-os-4.26.0.jar;C:\Users\ACS\.m2\repository\org\apache\commons\commons-exec\1.4.0\commons-exec-1.4.0.jar;C:\Users\ACS\.m2\repository\org\seleniumhq\selenium\selenium-support\4.26.0\selenium-support-4.26.0.jar;C:\Users\ACS\.m2\repository\com\google\code\gson\gson\2.10.1\gson-2.10.1.jar;C:\Users\ACS\.m2\repository\org\slf4j\slf4j-api\2.0.12\slf4j-api-2.0.12.jar;C:\Users\ACS\.m2\repository\org\apache\commons\commons-lang3\3.13.0\commons-lang3-3.13.0.jar;C:\Users\ACS\.m2\repository\org\testng\testng\7.9.0\testng-7.9.0.jar;C:\Users\ACS\.m2\repository\com\beust\jcommander\1.82\jcommander-1.82.jar;C:\Users\ACS\.m2\repository\org\webjars\jquery\3.7.1\jquery-3.7.1.jar;C:\Users\ACS\.m2\repository\io\qameta\allure\allure-testng\2.26.0\allure-testng-2.26.0.jar;C:\Users\ACS\.m2\repository\io\qameta\allure\allure-java-commons\2.26.0\allure-java-commons-2.26.0.jar;C:\Users\ACS\.m2\repository\io\qameta\allure\allure-model\2.26.0\allure-model-2.26.0.jar;C:\Users\ACS\.m2\repository\io\qameta\allure\allure-test-filter\2.26.0\allure-test-filter-2.26.0.jar;C:\Users\ACS\.m2\repository\org\seleniumhq\selenium\selenium-java\4.20.0\selenium-java-4.20.0.jar;C:\Users\ACS\.m2\repository\org\seleniumhq\selenium\selenium-chrome-driver\4.20.0\selenium-chrome-driver-4.20.0.jar;C:\Users\ACS\.m2\repository\org\seleniumhq\selenium\selenium-chromium-driver\4.20.0\selenium-chromium-driver-4.20.0.jar;C:\Users\ACS\.m2\repository\org\seleniumhq\selenium\selenium-devtools-v122\4.20.0\selenium-devtools-v122-4.20.0.jar;C:\Users\ACS\.m2\repository\org\seleniumhq\selenium\selenium-devtools-v123\4.20.0\selenium-devtools-v123-4.20.0.jar;C:\Users\ACS\.m2\repository\org\seleniumhq\selenium\selenium-devtools-v124\4.20.0\selenium-devtools-v124-4.20.0.jar;C:\Users\ACS\.m2\repository\org\seleniumhq\selenium\selenium-devtools-v85\4.20.0\selenium-devtools-v85-4.20.0.jar;C:\Users\ACS\.m2\repository\org\seleniumhq\selenium\selenium-edge-driver\4.20.0\selenium-edge-driver-4.20.0.jar;C:\Users\ACS\.m2\repository\org\seleniumhq\selenium\selenium-firefox-driver\4.20.0\selenium-firefox-driver-4.20.0.jar;C:\Users\ACS\.m2\repository\org\seleniumhq\selenium\selenium-ie-driver\4.20.0\selenium-ie-driver-4.20.0.jar;C:\Users\ACS\.m2\repository\org\seleniumhq\selenium\selenium-safari-driver\4.20.0\selenium-safari-driver-4.20.0.jar;C:\Users\ACS\.m2\repository\io\rest-assured\rest-assured\5.5.0\rest-assured-5.5.0.jar;C:\Users\ACS\.m2\repository\org\apache\groovy\groovy\4.0.22\groovy-4.0.22.jar;C:\Users\ACS\.m2\repository\org\apache\groovy\groovy-xml\4.0.22\groovy-xml-4.0.22.jar;C:\Users\ACS\.m2\repository\org\apache\httpcomponents\httpclient\4.5.13\httpclient-4.5.13.jar;C:\Users\ACS\.m2\repository\org\apache\httpcomponents\httpcore\4.4.13\httpcore-4.4.13.jar;C:\Users\ACS\.m2\repository\commons-logging\commons-logging\1.2\commons-logging-1.2.jar;C:\Users\ACS\.m2\repository\commons-codec\commons-codec\1.11\commons-codec-1.11.jar;C:\Users\ACS\.m2\repository\org\apache\httpcomponents\httpmime\4.5.13\httpmime-4.5.13.jar;C:\Users\ACS\.m2\repository\org\ccil\cowan\tagsoup\tagsoup\1.2.1\tagsoup-1.2.1.jar;C:\Users\ACS\.m2\repository\io\rest-assured\json-schema-validator\5.5.0\json-schema-validator-5.5.0.jar;C:\Users\ACS\.m2\repository\com\github\java-json-tools\json-schema-validator\2.2.14\json-schema-validator-2.2.14.jar;C:\Users\ACS\.m2\repository\com\github\java-json-tools\jackson-coreutils-equivalence\1.0\jackson-coreutils-equivalence-1.0.jar;C:\Users\ACS\.m2\repository\com\fasterxml\jackson\core\jackson-databind\2.11.0\jackson-databind-2.11.0.jar;C:\Users\ACS\.m2\repository\com\fasterxml\jackson\core\jackson-annotations\2.11.0\jackson-annotations-2.11.0.jar;C:\Users\ACS\.m2\repository\com\fasterxml\jackson\core\jackson-core\2.11.0\jackson-core-2.11.0.jar;C:\Users\ACS\.m2\repository\com\github\java-json-tools\jackson-coreutils\2.0\jackson-coreutils-2.0.jar;C:\Users\ACS\.m2\repository\com\github\java-json-tools\msg-simple\1.2\msg-simple-1.2.jar;C:\Users\ACS\.m2\repository\com\github\java-json-tools\btf\1.3\btf-1.3.jar;C:\Users\ACS\.m2\repository\com\github\java-json-tools\json-schema-core\1.2.14\json-schema-core-1.2.14.jar;C:\Users\ACS\.m2\repository\com\github\java-json-tools\uri-template\0.10\uri-template-0.10.jar;C:\Users\ACS\.m2\repository\org\mozilla\rhino\1.7.7.2\rhino-1.7.7.2.jar;C:\Users\ACS\.m2\repository\com\sun\mail\mailapi\1.6.2\mailapi-1.6.2.jar;C:\Users\ACS\.m2\repository\joda-time\joda-time\2.10.5\joda-time-2.10.5.jar;C:\Users\ACS\.m2\repository\com\googlecode\libphonenumber\libphonenumber\8.11.1\libphonenumber-8.11.1.jar;C:\Users\ACS\.m2\repository\com\google\code\findbugs\jsr305\3.0.2\jsr305-3.0.2.jar;C:\Users\ACS\.m2\repository\net\sf\jopt-simple\jopt-simple\5.0.4\jopt-simple-5.0.4.jar;C:\Users\ACS\.m2\repository\com\google\guava\guava\33.2.1-jre\guava-33.2.1-jre.jar;C:\Users\ACS\.m2\repository\com\google\guava\failureaccess\1.0.2\failureaccess-1.0.2.jar;C:\Users\ACS\.m2\repository\com\google\guava\listenablefuture\9999.0-empty-to-avoid-conflict-with-guava\listenablefuture-9999.0-empty-to-avoid-conflict-with-guava.jar;C:\Users\ACS\.m2\repository\org\checkerframework\checker-qual\3.42.0\checker-qual-3.42.0.jar;C:\Users\ACS\.m2\repository\com\google\errorprone\error_prone_annotations\2.26.1\error_prone_annotations-2.26.1.jar;C:\Users\ACS\.m2\repository\com\google\j2objc\j2objc-annotations\3.0.0\j2objc-annotations-3.0.0.jar;C:\Users\ACS\.m2\repository\io\rest-assured\json-path\5.5.0\json-path-5.5.0.jar;C:\Users\ACS\.m2\repository\org\apache\groovy\groovy-json\4.0.22\groovy-json-4.0.22.jar;C:\Users\ACS\.m2\repository\io\rest-assured\rest-assured-common\5.5.0\rest-assured-common-5.5.0.jar;C:\Users\ACS\.m2\repository\io\rest-assured\xml-path\5.5.0\xml-path-5.5.0.jar;C:\Users\ACS\.m2\repository\org\hamcrest\hamcrest\3.0\hamcrest-3.0.jar;C:\Users\ACS\.m2\repository\org\json\json\20210307\json-20210307.jar;C:\Users\ACS\.m2\repository\com\sun\mail\javax.mail\1.6.2\javax.mail-1.6.2.jar;C:\Users\ACS\.m2\repository\javax\activation\activation\1.1\activation-1.1.jar;C:\Users\ACS\.m2\repository\org\jsoup\jsoup\1.17.2\jsoup-1.17.2.jar;"/>
    <property name="java.vm.vendor" value="Oracle Corporation"/>
    <property name="sun.arch.data.model" value="64"/>
    <property name="user.variant" value=""/>
    <property name="java.vendor.url" value="http://java.oracle.com/"/>
    <property name="user.timezone" value="Asia/Calcutta"/>
    <property name="java.vm.specification.version" value="11"/>
    <property name="os.name" value="Windows 10"/>
    <property name="sun.java.launcher" value="SUN_STANDARD"/>
    <property name="user.country" value="IN"/>
    <property name="sun.boot.library.path" value="C:\Users\ACS\java\openjdk-11.0.0.1_windows-x64_bin\jdk-11.0.0.1\bin"/>
    <property name="sun.java.command" value="C:\Users\ACS\AppData\Local\Temp\surefire16499575319157207882\surefirebooter6120791071141838255.jar C:\Users\ACS\AppData\Local\Temp\surefire16499575319157207882 2024-11-19T17-11-32_479-jvmRun1 surefire14419622686336708718tmp surefire_0836723381467706469tmp"/>
    <property name="jdk.debug" value="release"/>
    <property name="surefire.test.class.path" value="C:\Users\ACS\Downloads\smoke\smoke\target\test-classes;C:\Users\ACS\Downloads\smoke\smoke\target\classes;C:\Users\ACS\.m2\repository\io\appium\java-client\9.2.2\java-client-9.2.2.jar;C:\Users\ACS\.m2\repository\org\seleniumhq\selenium\selenium-api\4.26.0\selenium-api-4.26.0.jar;C:\Users\ACS\.m2\repository\org\jspecify\jspecify\1.0.0\jspecify-1.0.0.jar;C:\Users\ACS\.m2\repository\org\seleniumhq\selenium\selenium-remote-driver\4.26.0\selenium-remote-driver-4.26.0.jar;C:\Users\ACS\.m2\repository\com\google\auto\service\auto-service-annotations\1.1.1\auto-service-annotations-1.1.1.jar;C:\Users\ACS\.m2\repository\io\opentelemetry\semconv\opentelemetry-semconv\1.25.0-alpha\opentelemetry-semconv-1.25.0-alpha.jar;C:\Users\ACS\.m2\repository\io\opentelemetry\opentelemetry-api\1.43.0\opentelemetry-api-1.43.0.jar;C:\Users\ACS\.m2\repository\io\opentelemetry\opentelemetry-context\1.43.0\opentelemetry-context-1.43.0.jar;C:\Users\ACS\.m2\repository\io\opentelemetry\opentelemetry-exporter-logging\1.43.0\opentelemetry-exporter-logging-1.43.0.jar;C:\Users\ACS\.m2\repository\io\opentelemetry\opentelemetry-sdk-common\1.43.0\opentelemetry-sdk-common-1.43.0.jar;C:\Users\ACS\.m2\repository\io\opentelemetry\opentelemetry-sdk-extension-autoconfigure-spi\1.43.0\opentelemetry-sdk-extension-autoconfigure-spi-1.43.0.jar;C:\Users\ACS\.m2\repository\io\opentelemetry\opentelemetry-sdk-extension-autoconfigure\1.43.0\opentelemetry-sdk-extension-autoconfigure-1.43.0.jar;C:\Users\ACS\.m2\repository\io\opentelemetry\opentelemetry-api-incubator\1.43.0-alpha\opentelemetry-api-incubator-1.43.0-alpha.jar;C:\Users\ACS\.m2\repository\io\opentelemetry\opentelemetry-sdk-trace\1.43.0\opentelemetry-sdk-trace-1.43.0.jar;C:\Users\ACS\.m2\repository\io\opentelemetry\opentelemetry-sdk\1.43.0\opentelemetry-sdk-1.43.0.jar;C:\Users\ACS\.m2\repository\io\opentelemetry\opentelemetry-sdk-metrics\1.43.0\opentelemetry-sdk-metrics-1.43.0.jar;C:\Users\ACS\.m2\repository\io\opentelemetry\opentelemetry-sdk-logs\1.43.0\opentelemetry-sdk-logs-1.43.0.jar;C:\Users\ACS\.m2\repository\net\bytebuddy\byte-buddy\1.15.7\byte-buddy-1.15.7.jar;C:\Users\ACS\.m2\repository\org\seleniumhq\selenium\selenium-http\4.26.0\selenium-http-4.26.0.jar;C:\Users\ACS\.m2\repository\dev\failsafe\failsafe\3.3.2\failsafe-3.3.2.jar;C:\Users\ACS\.m2\repository\org\seleniumhq\selenium\selenium-json\4.26.0\selenium-json-4.26.0.jar;C:\Users\ACS\.m2\repository\org\seleniumhq\selenium\selenium-manager\4.26.0\selenium-manager-4.26.0.jar;C:\Users\ACS\.m2\repository\org\seleniumhq\selenium\selenium-os\4.26.0\selenium-os-4.26.0.jar;C:\Users\ACS\.m2\repository\org\apache\commons\commons-exec\1.4.0\commons-exec-1.4.0.jar;C:\Users\ACS\.m2\repository\org\seleniumhq\selenium\selenium-support\4.26.0\selenium-support-4.26.0.jar;C:\Users\ACS\.m2\repository\com\google\code\gson\gson\2.10.1\gson-2.10.1.jar;C:\Users\ACS\.m2\repository\org\slf4j\slf4j-api\2.0.12\slf4j-api-2.0.12.jar;C:\Users\ACS\.m2\repository\org\apache\commons\commons-lang3\3.13.0\commons-lang3-3.13.0.jar;C:\Users\ACS\.m2\repository\org\testng\testng\7.9.0\testng-7.9.0.jar;C:\Users\ACS\.m2\repository\com\beust\jcommander\1.82\jcommander-1.82.jar;C:\Users\ACS\.m2\repository\org\webjars\jquery\3.7.1\jquery-3.7.1.jar;C:\Users\ACS\.m2\repository\io\qameta\allure\allure-testng\2.26.0\allure-testng-2.26.0.jar;C:\Users\ACS\.m2\repository\io\qameta\allure\allure-java-commons\2.26.0\allure-java-commons-2.26.0.jar;C:\Users\ACS\.m2\repository\io\qameta\allure\allure-model\2.26.0\allure-model-2.26.0.jar;C:\Users\ACS\.m2\repository\io\qameta\allure\allure-test-filter\2.26.0\allure-test-filter-2.26.0.jar;C:\Users\ACS\.m2\repository\org\seleniumhq\selenium\selenium-java\4.20.0\selenium-java-4.20.0.jar;C:\Users\ACS\.m2\repository\org\seleniumhq\selenium\selenium-chrome-driver\4.20.0\selenium-chrome-driver-4.20.0.jar;C:\Users\ACS\.m2\repository\org\seleniumhq\selenium\selenium-chromium-driver\4.20.0\selenium-chromium-driver-4.20.0.jar;C:\Users\ACS\.m2\repository\org\seleniumhq\selenium\selenium-devtools-v122\4.20.0\selenium-devtools-v122-4.20.0.jar;C:\Users\ACS\.m2\repository\org\seleniumhq\selenium\selenium-devtools-v123\4.20.0\selenium-devtools-v123-4.20.0.jar;C:\Users\ACS\.m2\repository\org\seleniumhq\selenium\selenium-devtools-v124\4.20.0\selenium-devtools-v124-4.20.0.jar;C:\Users\ACS\.m2\repository\org\seleniumhq\selenium\selenium-devtools-v85\4.20.0\selenium-devtools-v85-4.20.0.jar;C:\Users\ACS\.m2\repository\org\seleniumhq\selenium\selenium-edge-driver\4.20.0\selenium-edge-driver-4.20.0.jar;C:\Users\ACS\.m2\repository\org\seleniumhq\selenium\selenium-firefox-driver\4.20.0\selenium-firefox-driver-4.20.0.jar;C:\Users\ACS\.m2\repository\org\seleniumhq\selenium\selenium-ie-driver\4.20.0\selenium-ie-driver-4.20.0.jar;C:\Users\ACS\.m2\repository\org\seleniumhq\selenium\selenium-safari-driver\4.20.0\selenium-safari-driver-4.20.0.jar;C:\Users\ACS\.m2\repository\io\rest-assured\rest-assured\5.5.0\rest-assured-5.5.0.jar;C:\Users\ACS\.m2\repository\org\apache\groovy\groovy\4.0.22\groovy-4.0.22.jar;C:\Users\ACS\.m2\repository\org\apache\groovy\groovy-xml\4.0.22\groovy-xml-4.0.22.jar;C:\Users\ACS\.m2\repository\org\apache\httpcomponents\httpclient\4.5.13\httpclient-4.5.13.jar;C:\Users\ACS\.m2\repository\org\apache\httpcomponents\httpcore\4.4.13\httpcore-4.4.13.jar;C:\Users\ACS\.m2\repository\commons-logging\commons-logging\1.2\commons-logging-1.2.jar;C:\Users\ACS\.m2\repository\commons-codec\commons-codec\1.11\commons-codec-1.11.jar;C:\Users\ACS\.m2\repository\org\apache\httpcomponents\httpmime\4.5.13\httpmime-4.5.13.jar;C:\Users\ACS\.m2\repository\org\ccil\cowan\tagsoup\tagsoup\1.2.1\tagsoup-1.2.1.jar;C:\Users\ACS\.m2\repository\io\rest-assured\json-schema-validator\5.5.0\json-schema-validator-5.5.0.jar;C:\Users\ACS\.m2\repository\com\github\java-json-tools\json-schema-validator\2.2.14\json-schema-validator-2.2.14.jar;C:\Users\ACS\.m2\repository\com\github\java-json-tools\jackson-coreutils-equivalence\1.0\jackson-coreutils-equivalence-1.0.jar;C:\Users\ACS\.m2\repository\com\fasterxml\jackson\core\jackson-databind\2.11.0\jackson-databind-2.11.0.jar;C:\Users\ACS\.m2\repository\com\fasterxml\jackson\core\jackson-annotations\2.11.0\jackson-annotations-2.11.0.jar;C:\Users\ACS\.m2\repository\com\fasterxml\jackson\core\jackson-core\2.11.0\jackson-core-2.11.0.jar;C:\Users\ACS\.m2\repository\com\github\java-json-tools\jackson-coreutils\2.0\jackson-coreutils-2.0.jar;C:\Users\ACS\.m2\repository\com\github\java-json-tools\msg-simple\1.2\msg-simple-1.2.jar;C:\Users\ACS\.m2\repository\com\github\java-json-tools\btf\1.3\btf-1.3.jar;C:\Users\ACS\.m2\repository\com\github\java-json-tools\json-schema-core\1.2.14\json-schema-core-1.2.14.jar;C:\Users\ACS\.m2\repository\com\github\java-json-tools\uri-template\0.10\uri-template-0.10.jar;C:\Users\ACS\.m2\repository\org\mozilla\rhino\1.7.7.2\rhino-1.7.7.2.jar;C:\Users\ACS\.m2\repository\com\sun\mail\mailapi\1.6.2\mailapi-1.6.2.jar;C:\Users\ACS\.m2\repository\joda-time\joda-time\2.10.5\joda-time-2.10.5.jar;C:\Users\ACS\.m2\repository\com\googlecode\libphonenumber\libphonenumber\8.11.1\libphonenumber-8.11.1.jar;C:\Users\ACS\.m2\repository\com\google\code\findbugs\jsr305\3.0.2\jsr305-3.0.2.jar;C:\Users\ACS\.m2\repository\net\sf\jopt-simple\jopt-simple\5.0.4\jopt-simple-5.0.4.jar;C:\Users\ACS\.m2\repository\com\google\guava\guava\33.2.1-jre\guava-33.2.1-jre.jar;C:\Users\ACS\.m2\repository\com\google\guava\failureaccess\1.0.2\failureaccess-1.0.2.jar;C:\Users\ACS\.m2\repository\com\google\guava\listenablefuture\9999.0-empty-to-avoid-conflict-with-guava\listenablefuture-9999.0-empty-to-avoid-conflict-with-guava.jar;C:\Users\ACS\.m2\repository\org\checkerframework\checker-qual\3.42.0\checker-qual-3.42.0.jar;C:\Users\ACS\.m2\repository\com\google\errorprone\error_prone_annotations\2.26.1\error_prone_annotations-2.26.1.jar;C:\Users\ACS\.m2\repository\com\google\j2objc\j2objc-annotations\3.0.0\j2objc-annotations-3.0.0.jar;C:\Users\ACS\.m2\repository\io\rest-assured\json-path\5.5.0\json-path-5.5.0.jar;C:\Users\ACS\.m2\repository\org\apache\groovy\groovy-json\4.0.22\groovy-json-4.0.22.jar;C:\Users\ACS\.m2\repository\io\rest-assured\rest-assured-common\5.5.0\rest-assured-common-5.5.0.jar;C:\Users\ACS\.m2\repository\io\rest-assured\xml-path\5.5.0\xml-path-5.5.0.jar;C:\Users\ACS\.m2\repository\org\hamcrest\hamcrest\3.0\hamcrest-3.0.jar;C:\Users\ACS\.m2\repository\org\json\json\20210307\json-20210307.jar;C:\Users\ACS\.m2\repository\com\sun\mail\javax.mail\1.6.2\javax.mail-1.6.2.jar;C:\Users\ACS\.m2\repository\javax\activation\activation\1.1\activation-1.1.jar;C:\Users\ACS\.m2\repository\org\jsoup\jsoup\1.17.2\jsoup-1.17.2.jar;"/>
    <property name="sun.cpu.endian" value="little"/>
    <property name="user.home" value="C:\Users\ACS"/>
    <property name="user.language" value="en"/>
    <property name="java.specification.vendor" value="Oracle Corporation"/>
    <property name="java.version.date" value="2023-05-09"/>
    <property name="java.home" value="C:\Users\ACS\java\openjdk-11.0.0.1_windows-x64_bin\jdk-11.0.0.1"/>
    <property name="file.separator" value="\"/>
    <property name="basedir" value="C:\Users\ACS\Downloads\smoke\smoke"/>
    <property name="java.vm.compressedOopsMode" value="Zero based"/>
    <property name="line.separator" value="&#10;"/>
    <property name="java.specification.name" value="Java Platform API Specification"/>
    <property name="java.vm.specification.vendor" value="Oracle Corporation"/>
    <property name="java.awt.graphicsenv" value="sun.awt.Win32GraphicsEnvironment"/>
    <property name="surefire.real.class.path" value="C:\Users\ACS\AppData\Local\Temp\surefire16499575319157207882\surefirebooter6120791071141838255.jar"/>
    <property name="user.script" value=""/>
    <property name="sun.management.compiler" value="HotSpot 64-Bit Tiered Compilers"/>
    <property name="java.runtime.version" value="11.0.0.1+3-5"/>
    <property name="user.name" value="ACS"/>
    <property name="path.separator" value=";"/>
    <property name="os.version" value="10.0"/>
    <property name="java.runtime.name" value="OpenJDK Runtime Environment"/>
    <property name="file.encoding" value="Cp1252"/>
    <property name="java.vm.name" value="OpenJDK 64-Bit Server VM"/>
    <property name="java.vendor.version" value="18.9"/>
    <property name="localRepository" value="C:\Users\ACS\.m2\repository"/>
    <property name="java.vendor.url.bug" value="http://bugreport.java.com/bugreport/"/>
    <property name="java.io.tmpdir" value="C:\Users\ACS\AppData\Local\Temp\"/>
    <property name="java.version" value="11.0.0.1"/>
    <property name="user.dir" value="C:\Users\ACS\Downloads\smoke\smoke"/>
    <property name="os.arch" value="amd64"/>
    <property name="java.vm.specification.name" value="Java Virtual Machine Specification"/>
    <property name="java.awt.printerjob" value="sun.awt.windows.WPrinterJob"/>
    <property name="sun.os.patch.level" value=""/>
    <property name="java.library.path" value="C:\Users\ACS\java\openjdk-11.0.0.1_windows-x64_bin\jdk-11.0.0.1\bin;C:\WINDOWS\Sun\Java\bin;C:\WINDOWS\system32;C:\WINDOWS;C:/Users/ACS/Downloads/eclipse-java-2023-12-R-win32-x86_64/eclipse//plugins/org.eclipse.justj.openjdk.hotspot.jre.full.win32.x86_64_17.0.9.v20231028-0858/jre/bin/server;C:/Users/ACS/Downloads/eclipse-java-2023-12-R-win32-x86_64/eclipse//plugins/org.eclipse.justj.openjdk.hotspot.jre.full.win32.x86_64_17.0.9.v20231028-0858/jre/bin;C:\Program Files\Common Files\Oracle\Java\javapath;C:\WINDOWS\system32;C:\WINDOWS;C:\WINDOWS\System32\Wbem;C:\WINDOWS\System32\WindowsPowerShell\v1.0\;C:\WINDOWS\System32\OpenSSH\;C:\ProgramData\chocolatey\bin;C:\Program Files\Git\cmd;C:\Program Files\nodejs\;C:\Program Files\Android\Android Studio\bin;C:\Users\ACS\AppData\Local\Android\Sdk;C:\Users\ACS\AppData\Local\Android\Sdk\platforms\android;C:\Users\ACS\AppData\Local\Android\Sdk\platform-tools;%MAVEN_HOME%;C:\Users\ACS\java\openjdk-11.0.0.1_windows-x64_bin\jdk-11.0.0.1\bin;C:\Users\ACS\AppData\Local\Android\Sdk\tools\bin;C:\Users\ACS\AppData\Local\Android\Sdk\tools;C:\Program Files\nodejs\node_modules\npm\bin;C:\Program Files\nodejs\node_modules\npm\bin;C:\Users\ACS\Maven\apache-maven-3.9.6\bin;C:\Users\ACS\java\openjdk-11.0.0.1_windows-x64_bin\jdk-11.0.0.1\bin;C:\Program Files\Polyspace\R2020b\runtime\win64;C:\Program Files\Polyspace\R2020b\bin;C:\Program Files\Polyspace\R2020b\polyspace\bin;C:\Users\ACS\AppData\Local\Programs\Python\Python311\Scripts\;C:\Users\ACS\AppData\Local\Programs\Python\Python311\;C:\Users\ACS\anaconda3;C:\Users\ACS\anaconda3\Library\mingw-w64\bin;C:\Users\ACS\anaconda3\Library\usr\bin;C:\Users\ACS\anaconda3\Library\bin;C:\Users\ACS\anaconda3\Scripts;C:\Users\ACS\java\bin\java.exe;C:\ProgramData\ACS\Postman;C:\Users\ACS\AppData\Roaming\npm\node_modules\.bin;C:\Users\ACS\AppData\Local\Programs\Microsoft VS Code\bin;C:\Program Files\JetBrains\PyCharm Community Edition 2023.1.3\bin;;C:\Users\ACS\AppData\Roaming\npm;C:\Program Files\Android\Android Studio\bin;%MAVEN_HOME%;C:\Users\ACS\java\openjdk-11.0.0.1_windows-x64_bin\jdk-11.0.0.1\bin;C:\Users\ACS\AppData\Local\Android\Sdk\platform-tools;C:\Users\ACS\AppData\Local\Android\Sdk\tools;C:\Users\ACS\AppData\Local\Android\Sdk\build-tools;C:\Users\ACS\AppData\Local\Android\Sdk\platform\android;C:\Users\ACS\AppData\Local\Android\Sdk;C:\Users\ACS\java\openjdk-11.0.0.1_windows-x64_bin\jdk-11.0.0.1\bin;C:\Users\ACS\Maven\apache-maven-3.9.6\bin;;C:\Users\ACS\Downloads\eclipse-java-2023-12-R-win32-x86_64\eclipse;;."/>
    <property name="java.vendor" value="Oracle Corporation"/>
    <property name="java.vm.info" value="mixed mode"/>
    <property name="java.vm.version" value="11.0.0.1+3-5"/>
    <property name="java.specification.maintenance.version" value="2"/>
    <property name="sun.io.unicode.encoding" value="UnicodeLittle"/>
    <property name="java.class.version" value="55.0"/>
  </properties>
  <testcase name="signupCustomer" classname="com.testing.TestRunner" time="128.231">
    <failure message="Expected condition failed: waiting for element to be clickable: Proxy element for: DefaultElementLocator &apos;By.xpath: //android.view.View[@content-desc=&quot;Sign up&quot;]&apos; (tried for 120 second(s) with 500 milliseconds interval)" type="org.openqa.selenium.TimeoutException"><![CDATA[org.openqa.selenium.TimeoutException: Expected condition failed: waiting for element to be clickable: Proxy element for: DefaultElementLocator 'By.xpath: //android.view.View[@content-desc="Sign up"]' (tried for 120 second(s) with 500 milliseconds interval)
	at com.testing.TestRunner.signupCustomer(TestRunner.java:47)
Caused by: org.openqa.selenium.NoSuchElementException: 
An element could not be located on the page using the given search parameters.
For documentation on this error, please visit: https://www.selenium.dev/documentation/webdriver/troubleshooting/errors#no-such-element-exception
Build info: version: '4.26.0', revision: '8ccf0219d7'
System info: os.name: 'Windows 10', os.arch: 'amd64', os.version: '10.0', java.version: '11.0.0.1'
Driver info: io.appium.java_client.android.AndroidDriver
Command: [6fd00010-e81c-4fa6-bfcc-e0c7e1b901be, findElement {value=//android.view.View[@content-desc="Sign up"], using=xpath}]
Capabilities {appium:appActivity: com.petcaretechnologies.app..., appium:appPackage: com.petcaretechnologies.app, appium:automationName: UiAutomator2, appium:databaseEnabled: false, appium:desired: {appActivity: com.petcaretechnologies.app..., appPackage: com.petcaretechnologies.app, automationName: UiAutomator2, deviceName: Pixel 6 Pro API 33, fullReset: false, newCommandTimeout: 100000, noReset: true, platformName: ANDROID, platformVersion: 13.0}, appium:deviceApiLevel: 33, appium:deviceManufacturer: Google, appium:deviceModel: sdk_gphone64_x86_64, appium:deviceName: emulator-5554, appium:deviceScreenDensity: 560, appium:deviceScreenSize: 1440x3120, appium:deviceUDID: emulator-5554, appium:fullReset: false, appium:javascriptEnabled: true, appium:locationContextEnabled: false, appium:networkConnectionEnabled: true, appium:newCommandTimeout: 100000, appium:noReset: true, appium:pixelRatio: 3.5, appium:platformVersion: 13, appium:statBarHeight: 84, appium:takesScreenshot: true, appium:viewportRect: {height: 3036, left: 0, top: 84, width: 1440}, appium:warnings: {}, appium:webStorageEnabled: false, platformName: ANDROID}
Session ID: 6fd00010-e81c-4fa6-bfcc-e0c7e1b901be
	at com.testing.TestRunner.signupCustomer(TestRunner.java:47)
]]></failure>
    <system-out><![CDATA[-- listing properties --
ADMIN_NOTES=Admin Notes
ADMIN_STAFF_FIRST_NAME=Autetttt
ADMIN_STAFF_CONTACTNUMBER=9876543234
ADMIN_STAFF_EMAIL=testmobeacs+styrcx@gmail.com
PREDEFINED_Customer_OTP=908765
ADMIN_TAGS_NAME1=Goldsss
ADMIN_STAFF_CITY=lorry
SIGNUP_ADDRESSLINE2=Nehru Street
SIGNUP_ADDRESSLINE1=Pine House
ADMIN_CATEGORY_NAME=gssttyfr
SIGNUP_PHONENUMBER=1234567890
MAX_ADVANCE_BOOKING_LIMIT=200
MINUTE=0 minutes
PET_CONTACT_PERSONNUMBER=2345678987
ADMIN_FIRST_NAME=Audcer
TO_Year=2025
SERVICE_NAME=Service Ator
MAX_CAPACITY_STAFF=10
PET_MICROCHIP=8653974555
SIGNUP_FIRSTNAME=Astyru
TO_Date=22
PET_DIETARY_ISSUES=No Dietary Issues
PET_VETPHONENUMBER=098765432166
PET_ALLERGIES=Skin Allergy
PET_CONTACT_PERSONNAME=Henry
BASE_PRICE_AMOUNT=10
ADMIN_CATEGORY_DESCRIPTION=Tag Category Description
ADMIN_STAFF_LAST_NAME=Staff
SIGNUP_POSTCODE=MCV666
SIGNUP_LASTNAME=Testing
ADMIN_TAGS_DESCRIPTION1=Gold  Description
PREDEFINED_ADMIN_EMAIL=petcarea54@gmail.com
PET_VETADDRESS=Washington
HOUR=9 o'clock
PLATFORM_NAME=Android
SLOT_DESCRIPTION=Slot Description
ADMIN_POSTCODE=MCV567
DEVICE_NAME=Pixel 6 Pro API 33
ADMIN_MAXIMUM_ENTITY_LEVEL=5
PET_SPECIAL_INSTRUCTIONS=Training
ADMIN_PHONENUMBER=9876543234
APP_PACKAGE=com.petcaretechnologies.app
APP_ACTIVITY=com.petcaretechnologies.app.MainActivity
ADMIN_STAFF_ADDRESSLINE_2=Kingdom
ADMIN_CITY=lorry
ADMIN_STAFF_ADDRESSLINE_1=london
PET_ADDITIONAL_CONTACT=1357908642
SIGNUP_EMAIL=testmobileacs+86@gmail.com
SIGNUP_CITYTOWN=Madurai
TO_Month=October
PREDEFINED_Customer_EMAIL=automate+customer@gmail.com
MAX_CAPACITY_SLOT=100
ADMIN_STAFF_POSTCODE=MCV567
SLOT_NAME=Slo
ADMIN_STAFF_ADDITIONAL_CONTACT_NUMBER=9089786756
PET_NAME=Char
SESSION=PM
ADMIN_ADDRESSLINE_2=Kingdom
ADMIN_ADDITIONAL_CONTACT_NUMBER=9089786756
ADMIN_ADDRESSLINE_1=london
SERVICE_DESCRIPTION=Description
PREDEFINED_ADMIN_OTP=345765
PET_VETNAME=Dr. Jack
APK_PATH=C:\Users\ACS\Downloads\release-apk (1...
PLATFORM_VERSION=13.0
AUTOMATION_NAME=UiAutomator2
PET_FEEDING_DETAILS=Feed the puppies with in 2 hours
ADMIN_LAST_NAME=Admin
ADMIN_EMAIL=tesobileacs+admfjhgyhhhfi6@gmail.com
property file loded
Admin Sign-in Token: eyJhbGciOiJIUzI1NiIsInR5cCI6IkpXVCJ9.eyJlbWFpbCI6InBldGNhcmVhNTRAZ21haWwuY29tIiwidXNlcl9pZCI6Miwic3Vic2NyaWJlcl9pZCI6MSwiZXhwIjoxNzMyMDIyOTI2LCJsaWNlbnNlX2lkIjoxLCJvdHAiOiIzNDU3NjUifQ.r7f_7Ju-xkVzGi_gadVpIZczEm_26uypza_Kec-OvFc
response :  io.restassured.internal.RestAssuredResponseImpl@6d6f6860
OTP Verified Token 1 : eyJhbGciOiJIUzI1NiIsInR5cCI6IkpXVCJ9.eyJlbWFpbCI6InBldGNhcmVhNTRAZ21haWwuY29tIiwidXNlcl9pZCI6Miwic3Vic2NyaWJlcl9pZCI6MSwiZXhwIjoxNzMyMDE3OTk4LCJsaWNlbnNlX2lkIjoxLCJhcHBfdXJsIjoiaHR0cHM6Ly9zdGFnaW5nLnBldGNhcmV0ZWNobm9sb2dpZXMuY29tLyIsInVzZXJfZGJfY3JlZGVudGlhbCI6InZKSEtFOVVxU3hXSXM1bGVkRzBnbExDblB6OGFTOEVWN2JjOTkrVDJMbGV4YUJxdjFsSkxYb1ZIWWZGSE5GNlNNUElVcU9SVEdzY3ltMXRTM0w4cFZQZnZsV0lpQVdKanE5YUVDNTJhMHFXdXVqUkVBekpQVVQwUENRRWsrM0pVIiwic2VydmljZV9kYl9jcmVkZW50aWFsIjoiOXdHbFF0dlJJdkw2c2RwV28xb0d0N0puYit3YVZNNEZ2MEROeEhzdzB1aFd5UzM0VEZsT2VVWTl0UHlWZy9OYW9XU1M3TWVXVk1iL1RSbVVtV3pHdGo1Q2syT2F5eXNPL0NVSWVyNHRnOEdXMExXUTBkY3A0RUVmV3ZqUFp2bGUiLCJib29raW5nX2RiX2NyZWRlbnRpYWwiOiJjSmt5QlB2dTlvUE9uY0J5em1xcEhqK2M3OFhhUW9GYkJYQ3F3M05xak9HTzJSMHhFeW5ZRFdCZ2R0dUZQU0UvS1liZm5NS2ZHYVZFYWkyV3EreWNhQ2xMU2oxckNRV1NIUFVrOVBFd1Y4UVpzNk1CR2xwWWJqZERrWWh3NGtlUCIsImNhbGVuZGFyX2RiX2NyZWRlbnRpYWwiOiJJaEgvdHU1Zmdxa2xTREhneFY3TzEzV3NaOWdzaWtlQVhPcklQeUt4VHVtcldGK0ZYVzV3dWRPVTR1cUZqd3pLUHhGRnlSMHlQSUg5R2tXSDJqdWYxNlNCcHRiMU9WRG82MVNTUHVhblJIdWEzQXFuUlRTVTJKcWs3blJyRWlVdklzMEczaHVDWjlHRDVIOThRdVE1a1E9PSIsImludm9pY2VfZGJfY3JlZGVudGlhbCI6ImI2SS9ySlI5T2lzSm9jeG9ZR201aXFUWUJUZWwxVWkrUjFqaWRuUjliQ1BrdDI3RGFGN0thL2N6bjB6citObWxaZ3ZHaHpMZllwVW0zYzJUY0s0TysxQkR1UnhaKzJFSFYwNXJ1V2xNOTdhNE9yb3kwbVBxcERIZk4yMldGRmswIiwicGF5bWVudF9kYl9jcmVkZW50aWFsIjoiM3dVQzVNYWhTV1R3Yjd0SDIyZ1llUHhZSWpKSlZYaWtheWZwY0VkSld6dllaV0w5cklwRnI3eURjMGxlY1ZUNURHTWZZUVAxbXNFWmMxdDBtL0xYYkNuRnc3QUpKN1FIdTdSMDlLQlNBTEVzaTMzWVRQQmxQLzFNeklPWXU2ZGsifQ.csYRC5zNU2SF2hjtJ6qmpGEBX-QwMm4y2bt_DQHeRQQ
OTP Verified Token 2 : eyJhbGciOiJIUzI1NiIsInR5cCI6IkpXVCJ9.eyJlbWFpbCI6InBldGNhcmVhNTRAZ21haWwuY29tIiwidXNlcl9pZCI6Miwic3Vic2NyaWJlcl9pZCI6MSwiZXhwIjoxNzM5NzkyNDk4LCJsaWNlbnNlX2lkIjoxLCJhcHBfdXJsIjoiaHR0cHM6Ly9zdGFnaW5nLnBldGNhcmV0ZWNobm9sb2dpZXMuY29tLyIsInVzZXJfZGJfY3JlZGVudGlhbCI6Ik1zZTY5anZ6MzkzbmJxMDVPV0xwd2xVY2d0NFV6L1VxOEVrUGpGZGFBVXBjckVRd1BTQm4vZE1YYkJHRkVTb2hMVmM0dStiaVdWajdCd0lVSmgrcW5rbkNueFJUTFVqSC8wcHlvTTZ5eUpaMXUxZTJEbFFPSVpjc0lnSFM1K0RZIiwic2VydmljZV9kYl9jcmVkZW50aWFsIjoiamhTL21tRTFWWjNqTmdxYnFlRXFZb2IrNnBSQlRXc2lhNFI2amJUd0d3QWdNYm13MTE5K1M0dHFTU3d5MldHNExJbzRsclYxMjZKMEtIM0cwTnhJVWR5YTl1R3h0MVRWK0ZZc2dNUjRxa1UvUUtEeWUxMHBqTUxRdUpjWi9Bcy8iLCJib29raW5nX2RiX2NyZWRlbnRpYWwiOiJEUzNpT0ZOUmZmdFYxUm1UNjBkMnZGb1hMWGR5SUVobHhoZXF4NXg4VkF5blpzcTZrYVdjUWVleU41RThZb2UvZjQyTWU3Mm5aSi9WVzdvelZocHo3akZkaVQyUnZ0SitEeUtsbGJoMEpNSVZDNkNxalRBMGh4TnhuNnkyRVFWYSIsImNhbGVuZGFyX2RiX2NyZWRlbnRpYWwiOiJiTlI1Y0JoaDQvK3JVajN3SFZsTnJPYzZ6VG9yNWppT0VkdGVsQ3d4a3IrU3dhYkE3bXh4UDZ5Tnh6RUxUeEhWcVlwMjBEL2dlYW9XdVFUYmVVOXZMMGxaeEVCbnlkdGt1MTlUS2phTnFDdm1WTmdQZkl0L3VpQXorNEE4TWxOeWxxNVE5Mkp0YjY2dVR3Njc0RTF4Nnc9PSIsImludm9pY2VfZGJfY3JlZGVudGlhbCI6IkdvdGZYS1BlakNFOU1UNGZKRWdQMHF3QjZsd0w3ejVSeHBPNWNCSmtmSnNNWXJ2WWZOWWtJUWY1ZFNPOEdjeHJyMHlVWTlTdlhLZWd4bDU2UXArU2x5ZG02ek5WZzJkMDZlSUJ6ejUvSXdjRk9DUUlQWDBkdHRaSmcyNXAzOXZsIiwicGF5bWVudF9kYl9jcmVkZW50aWFsIjoiWW5laTA3ODJwUmhYYVBKWndrZHlRZjlTZVBZb2tYaDArUmdhYlovTzkvd2RTeithM3k5a0lBNDVpOHFNNE9ZK1FjL2FXQTNtRldBWTJ2ZnVUbEdoSXlOZDNQV2lkMHJ6ZS9yd0l4OTE3MXZLWVVFaFJsckE3anhnaVZEbER2MWkifQ._USJCBiaUWzBUUyPo-BgPhmz71hckBPEYcLqjYdcGus
response :  {
    "success": true,
    "access_token": "eyJhbGciOiJIUzI1NiIsInR5cCI6IkpXVCJ9.eyJlbWFpbCI6InBldGNhcmVhNTRAZ21haWwuY29tIiwidXNlcl9pZCI6Miwic3Vic2NyaWJlcl9pZCI6MSwiZXhwIjoxNzMyMDE3OTk4LCJsaWNlbnNlX2lkIjoxLCJhcHBfdXJsIjoiaHR0cHM6Ly9zdGFnaW5nLnBldGNhcmV0ZWNobm9sb2dpZXMuY29tLyIsInVzZXJfZGJfY3JlZGVudGlhbCI6InZKSEtFOVVxU3hXSXM1bGVkRzBnbExDblB6OGFTOEVWN2JjOTkrVDJMbGV4YUJxdjFsSkxYb1ZIWWZGSE5GNlNNUElVcU9SVEdzY3ltMXRTM0w4cFZQZnZsV0lpQVdKanE5YUVDNTJhMHFXdXVqUkVBekpQVVQwUENRRWsrM0pVIiwic2VydmljZV9kYl9jcmVkZW50aWFsIjoiOXdHbFF0dlJJdkw2c2RwV28xb0d0N0puYit3YVZNNEZ2MEROeEhzdzB1aFd5UzM0VEZsT2VVWTl0UHlWZy9OYW9XU1M3TWVXVk1iL1RSbVVtV3pHdGo1Q2syT2F5eXNPL0NVSWVyNHRnOEdXMExXUTBkY3A0RUVmV3ZqUFp2bGUiLCJib29raW5nX2RiX2NyZWRlbnRpYWwiOiJjSmt5QlB2dTlvUE9uY0J5em1xcEhqK2M3OFhhUW9GYkJYQ3F3M05xak9HTzJSMHhFeW5ZRFdCZ2R0dUZQU0UvS1liZm5NS2ZHYVZFYWkyV3EreWNhQ2xMU2oxckNRV1NIUFVrOVBFd1Y4UVpzNk1CR2xwWWJqZERrWWh3NGtlUCIsImNhbGVuZGFyX2RiX2NyZWRlbnRpYWwiOiJJaEgvdHU1Zmdxa2xTREhneFY3TzEzV3NaOWdzaWtlQVhPcklQeUt4VHVtcldGK0ZYVzV3dWRPVTR1cUZqd3pLUHhGRnlSMHlQSUg5R2tXSDJqdWYxNlNCcHRiMU9WRG82MVNTUHVhblJIdWEzQXFuUlRTVTJKcWs3blJyRWlVdklzMEczaHVDWjlHRDVIOThRdVE1a1E9PSIsImludm9pY2VfZGJfY3JlZGVudGlhbCI6ImI2SS9ySlI5T2lzSm9jeG9ZR201aXFUWUJUZWwxVWkrUjFqaWRuUjliQ1BrdDI3RGFGN0thL2N6bjB6citObWxaZ3ZHaHpMZllwVW0zYzJUY0s0TysxQkR1UnhaKzJFSFYwNXJ1V2xNOTdhNE9yb3kwbVBxcERIZk4yMldGRmswIiwicGF5bWVudF9kYl9jcmVkZW50aWFsIjoiM3dVQzVNYWhTV1R3Yjd0SDIyZ1llUHhZSWpKSlZYaWtheWZwY0VkSld6dllaV0w5cklwRnI3eURjMGxlY1ZUNURHTWZZUVAxbXNFWmMxdDBtL0xYYkNuRnc3QUpKN1FIdTdSMDlLQlNBTEVzaTMzWVRQQmxQLzFNeklPWXU2ZGsifQ.csYRC5zNU2SF2hjtJ6qmpGEBX-QwMm4y2bt_DQHeRQQ",
    "refresh_token": "eyJhbGciOiJIUzI1NiIsInR5cCI6IkpXVCJ9.eyJlbWFpbCI6InBldGNhcmVhNTRAZ21haWwuY29tIiwidXNlcl9pZCI6Miwic3Vic2NyaWJlcl9pZCI6MSwiZXhwIjoxNzM5NzkyNDk4LCJsaWNlbnNlX2lkIjoxLCJhcHBfdXJsIjoiaHR0cHM6Ly9zdGFnaW5nLnBldGNhcmV0ZWNobm9sb2dpZXMuY29tLyIsInVzZXJfZGJfY3JlZGVudGlhbCI6Ikc2ajgvYzYzcFlUbE5iN2YyNloyR2hnWEc3NmdMdWFUNlR1RHh6YVQrTXhKUEFNenNnVmFJemM4cUppMXBOTlZzQjdXYUpGOTJsQjNpNDZsaGNpQ2dXNmVDSVJGUm5hVTY5QWJYOXhpeVIwWnNIWTN4K243MkZWL1ZIOHVrSXhTIiwic2VydmljZV9kYl9jcmVkZW50aWFsIjoiSjY0S2I5ZWY4RlVRTVVDbmcrQlMwVjdoZitoK01yRlEzaGdkMGIrcEpCdVJUcUllbEQ0TklBdmNhMGNWUFVGb2RvZFlJaHVjVWZjajFOa0owS3NvZXRRbXNjZkJpSGJ0bHZOMzRPWDhvT2JFR3RHcXpLa29iMDZscjR4ZDBzaGgiLCJib29raW5nX2RiX2NyZWRlbnRpYWwiOiJFZ0xadS9sSUpSMzA2blVFWU02OFFjVHM1ekU5bU85MHhqVVNyRUZXYm9idWEzRXplOXp0bFdpN0hxTFFib3ExeHRBb1RVbGlsOGthSTltN0xxbk5ZeUxKL282aGUxM0xndVFua2E3OFdPS0pTRUd5UWxweXFSTlArU1M3bUJleCIsImNhbGVuZGFyX2RiX2NyZWRlbnRpYWwiOiI2eU81S3RjSSswanpnUjd0ODU4VmlaZHovNWlHajdUM3pUaFlUT2hQclhDdlErOG9pajJQM1B6blE4V0laZnZFdTRXN1d0OU1XUWFrNzcra1NQQ1BjVjJZVlE0cVVFMmFtUlpkRTFmckVxbjczK0VxVnJKNEtaRXhPWXkyT010S1BMVzZWTVd3NllTSnhZdnZhOEs2WXc9PSIsImludm9pY2VfZGJfY3JlZGVudGlhbCI6IlQ4c01hVlJjRUJVa1cvcFRmZkt4VGdUMDg5WDhsNjQvTVUzRlovcCtmaXNhNkpQdWhsY21ORGJZc0JQa29uaHFaNHlQL1dCbkNrNEpPczVmK3JkVkxIWCtXdm5za1dSZHhmVG9JcjB4RnBHT1ZGaWxWSW5JaDZwMFU1Y2h3bTBsIiwicGF5bWVudF9kYl9jcmVkZW50aWFsIjoiS2xCODJFNTNRVEZOT2d1c0ZoekxVSHFkZkpoVkkzeU5PbWVGOFBVWjFLR2dGb3I1L29nWjNiSVBrSk5UYXBZVTJwcS9Dekx0U0dyMUQzaU1kOU5qeEQ2VE1hekwwNitHVEFtYXFPU2poY2pFUTZqWllOamExeG5xTStuQktZL1YifQ.ZVmGVII2ZKZo4thvZbCZDtoit6hfuWqOvQHa4RQRCAE",
    "token_type": "bearer",
    "email": "petcarea54@gmail.com",
    "user_id": 2,
    "subscriber_id": 1,
    "expiration_time": "2025-02-17 11:41:38",
    "access_expiration_time": "2024-11-19 12:06:38",
    "refresh_expiration_time": "2025-02-17 11:41:38",
    "redirect_url": null,
    "device_id": "e07061c9-acf1-432f-ad82-c065190f1201",
    "organizational_settings": {
        "beneficiary_type": "Pet",
        "beneficiary_subtype": "Breed",
        "user_approval_configuration": 0,
        "manual_approval": 1,
        "organizational_name": "Pet care technology staging",
        "organization_logo": "https://staging-booking.agilecyber.com/files/files/1/user/logo.png",
        "invoice_id": null,
        "invoice_name": null,
        "payment_id": null,
        "payment_name": null
    }
}
New Refresh Token: eyJhbGciOiJIUzI1NiIsInR5cCI6IkpXVCJ9.eyJlbWFpbCI6InBldGNhcmVhNTRAZ21haWwuY29tIiwidXNlcl9pZCI6Miwic3Vic2NyaWJlcl9pZCI6MSwiZXhwIjoxNzM5NzkyNDk4LCJsaWNlbnNlX2lkIjoxLCJhcHBfdXJsIjoiaHR0cHM6Ly9zdGFnaW5nLnBldGNhcmV0ZWNobm9sb2dpZXMuY29tLyIsInVzZXJfZGJfY3JlZGVudGlhbCI6Ikc2ajgvYzYzcFlUbE5iN2YyNloyR2hnWEc3NmdMdWFUNlR1RHh6YVQrTXhKUEFNenNnVmFJemM4cUppMXBOTlZzQjdXYUpGOTJsQjNpNDZsaGNpQ2dXNmVDSVJGUm5hVTY5QWJYOXhpeVIwWnNIWTN4K243MkZWL1ZIOHVrSXhTIiwic2VydmljZV9kYl9jcmVkZW50aWFsIjoiSjY0S2I5ZWY4RlVRTVVDbmcrQlMwVjdoZitoK01yRlEzaGdkMGIrcEpCdVJUcUllbEQ0TklBdmNhMGNWUFVGb2RvZFlJaHVjVWZjajFOa0owS3NvZXRRbXNjZkJpSGJ0bHZOMzRPWDhvT2JFR3RHcXpLa29iMDZscjR4ZDBzaGgiLCJib29raW5nX2RiX2NyZWRlbnRpYWwiOiJFZ0xadS9sSUpSMzA2blVFWU02OFFjVHM1ekU5bU85MHhqVVNyRUZXYm9idWEzRXplOXp0bFdpN0hxTFFib3ExeHRBb1RVbGlsOGthSTltN0xxbk5ZeUxKL282aGUxM0xndVFua2E3OFdPS0pTRUd5UWxweXFSTlArU1M3bUJleCIsImNhbGVuZGFyX2RiX2NyZWRlbnRpYWwiOiI2eU81S3RjSSswanpnUjd0ODU4VmlaZHovNWlHajdUM3pUaFlUT2hQclhDdlErOG9pajJQM1B6blE4V0laZnZFdTRXN1d0OU1XUWFrNzcra1NQQ1BjVjJZVlE0cVVFMmFtUlpkRTFmckVxbjczK0VxVnJKNEtaRXhPWXkyT010S1BMVzZWTVd3NllTSnhZdnZhOEs2WXc9PSIsImludm9pY2VfZGJfY3JlZGVudGlhbCI6IlQ4c01hVlJjRUJVa1cvcFRmZkt4VGdUMDg5WDhsNjQvTVUzRlovcCtmaXNhNkpQdWhsY21ORGJZc0JQa29uaHFaNHlQL1dCbkNrNEpPczVmK3JkVkxIWCtXdm5za1dSZHhmVG9JcjB4RnBHT1ZGaWxWSW5JaDZwMFU1Y2h3bTBsIiwicGF5bWVudF9kYl9jcmVkZW50aWFsIjoiS2xCODJFNTNRVEZOT2d1c0ZoekxVSHFkZkpoVkkzeU5PbWVGOFBVWjFLR2dGb3I1L29nWjNiSVBrSk5UYXBZVTJwcS9Dekx0U0dyMUQzaU1kOU5qeEQ2VE1hekwwNitHVEFtYXFPU2poY2pFUTZqWllOamExeG5xTStuQktZL1YifQ.ZVmGVII2ZKZo4thvZbCZDtoit6hfuWqOvQHa4RQRCAE
Extracted Day: 200
Service: Service Ator | Time Slots Count: 37
Service: Service Ator | Max_allowed_date_for_booking: {"day": 200}
Service: Service Ator | available_date_from: 19-11-2024
Service: Service Ator | available_date_from: 22-10-2025
{"day": null}
{"day": 200}
Extracted Day: 200
Response Status Code: 200
Records Total: 37
Slot Names: [Slo, Sloteeeemmeeee, jMorning99, eve, Morning99, Sloteeee, Sloteeeeeeee, Morningyyyy, Morningo, Morningoo, Morning1288, new ts01, Night3, slot22, nameas, Morning only available, Morning12887, Morning123, Morning12, Night Owl Slot, Evening Rush, Twilight Session, Golden Hour, Afternoon Breeze, LateMorning, Dusk, EarlyMorning, Morning2, Evening2, Morning1, Night1, Afternoon1, Evening1, next evening, Evening, Lunch Time, Morning]
]]></system-out>
    <system-err><![CDATA[SLF4J(W): No SLF4J providers were found.
SLF4J(W): Defaulting to no-operation (NOP) logger implementation
SLF4J(W): See https://www.slf4j.org/codes.html#noProviders for further details.
]]></system-err>
  </testcase>
  <testcase name="Clear_Cache" classname="com.testing.TestRunner" time="12.16">
    <system-out><![CDATA[Success
Cache cleared for package: com.petcaretechnologies.app
]]></system-out>
  </testcase>
  <testcase name="AdminLogin" classname="com.testing.TestRunner" time="120.193">
    <failure message="Expected condition failed: waiting for element to be clickable: Proxy element for: DefaultElementLocator &apos;By.xpath: //android.widget.EditText[@hint=&apos;Continue with email&apos;]&apos; (tried for 120 second(s) with 500 milliseconds interval)" type="org.openqa.selenium.TimeoutException"><![CDATA[org.openqa.selenium.TimeoutException: Expected condition failed: waiting for element to be clickable: Proxy element for: DefaultElementLocator 'By.xpath: //android.widget.EditText[@hint='Continue with email']' (tried for 120 second(s) with 500 milliseconds interval)
	at com.testing.TestRunner.AdminLogin(TestRunner.java:66)
Caused by: org.openqa.selenium.NoSuchElementException: 
An element could not be located on the page using the given search parameters.
For documentation on this error, please visit: https://www.selenium.dev/documentation/webdriver/troubleshooting/errors#no-such-element-exception
Build info: version: '4.26.0', revision: '8ccf0219d7'
System info: os.name: 'Windows 10', os.arch: 'amd64', os.version: '10.0', java.version: '11.0.0.1'
Driver info: io.appium.java_client.android.AndroidDriver
Command: [3bdd4d28-a212-432f-8440-f8b3a6c4c6d1, findElement {value=//android.widget.EditText[@hint='Continue with email'], using=xpath}]
Capabilities {appium:appActivity: com.petcaretechnologies.app..., appium:appPackage: com.petcaretechnologies.app, appium:automationName: UiAutomator2, appium:databaseEnabled: false, appium:desired: {appActivity: com.petcaretechnologies.app..., appPackage: com.petcaretechnologies.app, automationName: UiAutomator2, deviceName: Pixel 6 Pro API 33, fullReset: false, newCommandTimeout: 100000, noReset: true, platformName: ANDROID, platformVersion: 13.0}, appium:deviceApiLevel: 33, appium:deviceManufacturer: Google, appium:deviceModel: sdk_gphone64_x86_64, appium:deviceName: emulator-5554, appium:deviceScreenDensity: 560, appium:deviceScreenSize: 1440x3120, appium:deviceUDID: emulator-5554, appium:fullReset: false, appium:javascriptEnabled: true, appium:locationContextEnabled: false, appium:networkConnectionEnabled: true, appium:newCommandTimeout: 100000, appium:noReset: true, appium:pixelRatio: 3.5, appium:platformVersion: 13, appium:statBarHeight: 84, appium:takesScreenshot: true, appium:viewportRect: {height: 3036, left: 0, top: 84, width: 1440}, appium:warnings: {}, appium:webStorageEnabled: false, platformName: ANDROID}
Session ID: 3bdd4d28-a212-432f-8440-f8b3a6c4c6d1
	at com.testing.TestRunner.AdminLogin(TestRunner.java:66)
]]></failure>
  </testcase>
  <testcase name="NewUserApproval" classname="com.testing.TestRunner" time="120.681">
    <failure message="Expected condition failed: waiting for element to be clickable: Proxy element for: DefaultElementLocator &apos;By.xpath: //android.widget.ImageView[@content-desc=&quot;Tab 4 of 6&quot;]&apos; (tried for 120 second(s) with 500 milliseconds interval)" type="org.openqa.selenium.TimeoutException"><![CDATA[org.openqa.selenium.TimeoutException: Expected condition failed: waiting for element to be clickable: Proxy element for: DefaultElementLocator 'By.xpath: //android.widget.ImageView[@content-desc="Tab 4 of 6"]' (tried for 120 second(s) with 500 milliseconds interval)
	at com.testing.TestRunner.NewUserApproval(TestRunner.java:75)
Caused by: org.openqa.selenium.NoSuchElementException: 
An element could not be located on the page using the given search parameters.
For documentation on this error, please visit: https://www.selenium.dev/documentation/webdriver/troubleshooting/errors#no-such-element-exception
Build info: version: '4.26.0', revision: '8ccf0219d7'
System info: os.name: 'Windows 10', os.arch: 'amd64', os.version: '10.0', java.version: '11.0.0.1'
Driver info: io.appium.java_client.android.AndroidDriver
Command: [3bdd4d28-a212-432f-8440-f8b3a6c4c6d1, findElement {value=//android.widget.ImageView[@content-desc="Tab 4 of 6"], using=xpath}]
Capabilities {appium:appActivity: com.petcaretechnologies.app..., appium:appPackage: com.petcaretechnologies.app, appium:automationName: UiAutomator2, appium:databaseEnabled: false, appium:desired: {appActivity: com.petcaretechnologies.app..., appPackage: com.petcaretechnologies.app, automationName: UiAutomator2, deviceName: Pixel 6 Pro API 33, fullReset: false, newCommandTimeout: 100000, noReset: true, platformName: ANDROID, platformVersion: 13.0}, appium:deviceApiLevel: 33, appium:deviceManufacturer: Google, appium:deviceModel: sdk_gphone64_x86_64, appium:deviceName: emulator-5554, appium:deviceScreenDensity: 560, appium:deviceScreenSize: 1440x3120, appium:deviceUDID: emulator-5554, appium:fullReset: false, appium:javascriptEnabled: true, appium:locationContextEnabled: false, appium:networkConnectionEnabled: true, appium:newCommandTimeout: 100000, appium:noReset: true, appium:pixelRatio: 3.5, appium:platformVersion: 13, appium:statBarHeight: 84, appium:takesScreenshot: true, appium:viewportRect: {height: 3036, left: 0, top: 84, width: 1440}, appium:warnings: {}, appium:webStorageEnabled: false, platformName: ANDROID}
Session ID: 3bdd4d28-a212-432f-8440-f8b3a6c4c6d1
	at com.testing.TestRunner.NewUserApproval(TestRunner.java:75)
]]></failure>
  </testcase>
  <testcase name="CreateAdmin" classname="com.testing.TestRunner" time="127.544">
    <failure message="Expected condition failed: waiting for element to be clickable: Proxy element for: DefaultElementLocator &apos;By.xpath: //android.widget.ImageView[@content-desc=&quot;Tab 4 of 6&quot;]&apos; (tried for 120 second(s) with 500 milliseconds interval)" type="org.openqa.selenium.TimeoutException"><![CDATA[org.openqa.selenium.TimeoutException: Expected condition failed: waiting for element to be clickable: Proxy element for: DefaultElementLocator 'By.xpath: //android.widget.ImageView[@content-desc="Tab 4 of 6"]' (tried for 120 second(s) with 500 milliseconds interval)
	at com.testing.TestRunner.CreateAdmin(TestRunner.java:84)
Caused by: org.openqa.selenium.NoSuchElementException: 
An element could not be located on the page using the given search parameters.
For documentation on this error, please visit: https://www.selenium.dev/documentation/webdriver/troubleshooting/errors#no-such-element-exception
Build info: version: '4.26.0', revision: '8ccf0219d7'
System info: os.name: 'Windows 10', os.arch: 'amd64', os.version: '10.0', java.version: '11.0.0.1'
Driver info: io.appium.java_client.android.AndroidDriver
Command: [3bdd4d28-a212-432f-8440-f8b3a6c4c6d1, findElement {value=//android.widget.ImageView[@content-desc="Tab 4 of 6"], using=xpath}]
Capabilities {appium:appActivity: com.petcaretechnologies.app..., appium:appPackage: com.petcaretechnologies.app, appium:automationName: UiAutomator2, appium:databaseEnabled: false, appium:desired: {appActivity: com.petcaretechnologies.app..., appPackage: com.petcaretechnologies.app, automationName: UiAutomator2, deviceName: Pixel 6 Pro API 33, fullReset: false, newCommandTimeout: 100000, noReset: true, platformName: ANDROID, platformVersion: 13.0}, appium:deviceApiLevel: 33, appium:deviceManufacturer: Google, appium:deviceModel: sdk_gphone64_x86_64, appium:deviceName: emulator-5554, appium:deviceScreenDensity: 560, appium:deviceScreenSize: 1440x3120, appium:deviceUDID: emulator-5554, appium:fullReset: false, appium:javascriptEnabled: true, appium:locationContextEnabled: false, appium:networkConnectionEnabled: true, appium:newCommandTimeout: 100000, appium:noReset: true, appium:pixelRatio: 3.5, appium:platformVersion: 13, appium:statBarHeight: 84, appium:takesScreenshot: true, appium:viewportRect: {height: 3036, left: 0, top: 84, width: 1440}, appium:warnings: {}, appium:webStorageEnabled: false, platformName: ANDROID}
Session ID: 3bdd4d28-a212-432f-8440-f8b3a6c4c6d1
	at com.testing.TestRunner.CreateAdmin(TestRunner.java:84)
]]></failure>
  </testcase>
  <testcase name="CreateStaff" classname="com.testing.TestRunner" time="120.292">
    <failure message="Expected condition failed: waiting for element to be clickable: Proxy element for: DefaultElementLocator &apos;By.xpath: //android.widget.ImageView[@content-desc=&quot;Tab 4 of 6&quot;]&apos; (tried for 120 second(s) with 500 milliseconds interval)" type="org.openqa.selenium.TimeoutException"><![CDATA[org.openqa.selenium.TimeoutException: Expected condition failed: waiting for element to be clickable: Proxy element for: DefaultElementLocator 'By.xpath: //android.widget.ImageView[@content-desc="Tab 4 of 6"]' (tried for 120 second(s) with 500 milliseconds interval)
	at com.testing.TestRunner.CreateStaff(TestRunner.java:93)
Caused by: org.openqa.selenium.NoSuchElementException: 
An element could not be located on the page using the given search parameters.
For documentation on this error, please visit: https://www.selenium.dev/documentation/webdriver/troubleshooting/errors#no-such-element-exception
Build info: version: '4.26.0', revision: '8ccf0219d7'
System info: os.name: 'Windows 10', os.arch: 'amd64', os.version: '10.0', java.version: '11.0.0.1'
Driver info: io.appium.java_client.android.AndroidDriver
Command: [3bdd4d28-a212-432f-8440-f8b3a6c4c6d1, findElement {value=//android.widget.ImageView[@content-desc="Tab 4 of 6"], using=xpath}]
Capabilities {appium:appActivity: com.petcaretechnologies.app..., appium:appPackage: com.petcaretechnologies.app, appium:automationName: UiAutomator2, appium:databaseEnabled: false, appium:desired: {appActivity: com.petcaretechnologies.app..., appPackage: com.petcaretechnologies.app, automationName: UiAutomator2, deviceName: Pixel 6 Pro API 33, fullReset: false, newCommandTimeout: 100000, noReset: true, platformName: ANDROID, platformVersion: 13.0}, appium:deviceApiLevel: 33, appium:deviceManufacturer: Google, appium:deviceModel: sdk_gphone64_x86_64, appium:deviceName: emulator-5554, appium:deviceScreenDensity: 560, appium:deviceScreenSize: 1440x3120, appium:deviceUDID: emulator-5554, appium:fullReset: false, appium:javascriptEnabled: true, appium:locationContextEnabled: false, appium:networkConnectionEnabled: true, appium:newCommandTimeout: 100000, appium:noReset: true, appium:pixelRatio: 3.5, appium:platformVersion: 13, appium:statBarHeight: 84, appium:takesScreenshot: true, appium:viewportRect: {height: 3036, left: 0, top: 84, width: 1440}, appium:warnings: {}, appium:webStorageEnabled: false, platformName: ANDROID}
Session ID: 3bdd4d28-a212-432f-8440-f8b3a6c4c6d1
	at com.testing.TestRunner.CreateStaff(TestRunner.java:93)
]]></failure>
  </testcase>
  <testcase name="CreateTag" classname="com.testing.TestRunner" time="120.281">
    <failure message="Expected condition failed: waiting for element to be clickable: Proxy element for: DefaultElementLocator &apos;By.xpath: //android.widget.ImageView[@content-desc=&quot;Tab 4 of 6&quot;]&apos; (tried for 120 second(s) with 500 milliseconds interval)" type="org.openqa.selenium.TimeoutException"><![CDATA[org.openqa.selenium.TimeoutException: Expected condition failed: waiting for element to be clickable: Proxy element for: DefaultElementLocator 'By.xpath: //android.widget.ImageView[@content-desc="Tab 4 of 6"]' (tried for 120 second(s) with 500 milliseconds interval)
	at com.testing.TestRunner.CreateTag(TestRunner.java:101)
Caused by: org.openqa.selenium.NoSuchElementException: 
An element could not be located on the page using the given search parameters.
For documentation on this error, please visit: https://www.selenium.dev/documentation/webdriver/troubleshooting/errors#no-such-element-exception
Build info: version: '4.26.0', revision: '8ccf0219d7'
System info: os.name: 'Windows 10', os.arch: 'amd64', os.version: '10.0', java.version: '11.0.0.1'
Driver info: io.appium.java_client.android.AndroidDriver
Command: [3bdd4d28-a212-432f-8440-f8b3a6c4c6d1, findElement {value=//android.widget.ImageView[@content-desc="Tab 4 of 6"], using=xpath}]
Capabilities {appium:appActivity: com.petcaretechnologies.app..., appium:appPackage: com.petcaretechnologies.app, appium:automationName: UiAutomator2, appium:databaseEnabled: false, appium:desired: {appActivity: com.petcaretechnologies.app..., appPackage: com.petcaretechnologies.app, automationName: UiAutomator2, deviceName: Pixel 6 Pro API 33, fullReset: false, newCommandTimeout: 100000, noReset: true, platformName: ANDROID, platformVersion: 13.0}, appium:deviceApiLevel: 33, appium:deviceManufacturer: Google, appium:deviceModel: sdk_gphone64_x86_64, appium:deviceName: emulator-5554, appium:deviceScreenDensity: 560, appium:deviceScreenSize: 1440x3120, appium:deviceUDID: emulator-5554, appium:fullReset: false, appium:javascriptEnabled: true, appium:locationContextEnabled: false, appium:networkConnectionEnabled: true, appium:newCommandTimeout: 100000, appium:noReset: true, appium:pixelRatio: 3.5, appium:platformVersion: 13, appium:statBarHeight: 84, appium:takesScreenshot: true, appium:viewportRect: {height: 3036, left: 0, top: 84, width: 1440}, appium:warnings: {}, appium:webStorageEnabled: false, platformName: ANDROID}
Session ID: 3bdd4d28-a212-432f-8440-f8b3a6c4c6d1
	at com.testing.TestRunner.CreateTag(TestRunner.java:101)
]]></failure>
  </testcase>
  <testcase name="CreateSlot" classname="com.testing.TestRunner" time="120.244">
    <failure message="Expected condition failed: waiting for element to be clickable: Proxy element for: DefaultElementLocator &apos;By.xpath: //android.widget.ImageView[@content-desc=&quot;Tab 5 of 6&quot;]&apos; (tried for 120 second(s) with 500 milliseconds interval)" type="org.openqa.selenium.TimeoutException"><![CDATA[org.openqa.selenium.TimeoutException: Expected condition failed: waiting for element to be clickable: Proxy element for: DefaultElementLocator 'By.xpath: //android.widget.ImageView[@content-desc="Tab 5 of 6"]' (tried for 120 second(s) with 500 milliseconds interval)
	at com.testing.TestRunner.CreateSlot(TestRunner.java:109)
Caused by: org.openqa.selenium.NoSuchElementException: 
An element could not be located on the page using the given search parameters.
For documentation on this error, please visit: https://www.selenium.dev/documentation/webdriver/troubleshooting/errors#no-such-element-exception
Build info: version: '4.26.0', revision: '8ccf0219d7'
System info: os.name: 'Windows 10', os.arch: 'amd64', os.version: '10.0', java.version: '11.0.0.1'
Driver info: io.appium.java_client.android.AndroidDriver
Command: [3bdd4d28-a212-432f-8440-f8b3a6c4c6d1, findElement {value=//android.widget.ImageView[@content-desc="Tab 5 of 6"], using=xpath}]
Capabilities {appium:appActivity: com.petcaretechnologies.app..., appium:appPackage: com.petcaretechnologies.app, appium:automationName: UiAutomator2, appium:databaseEnabled: false, appium:desired: {appActivity: com.petcaretechnologies.app..., appPackage: com.petcaretechnologies.app, automationName: UiAutomator2, deviceName: Pixel 6 Pro API 33, fullReset: false, newCommandTimeout: 100000, noReset: true, platformName: ANDROID, platformVersion: 13.0}, appium:deviceApiLevel: 33, appium:deviceManufacturer: Google, appium:deviceModel: sdk_gphone64_x86_64, appium:deviceName: emulator-5554, appium:deviceScreenDensity: 560, appium:deviceScreenSize: 1440x3120, appium:deviceUDID: emulator-5554, appium:fullReset: false, appium:javascriptEnabled: true, appium:locationContextEnabled: false, appium:networkConnectionEnabled: true, appium:newCommandTimeout: 100000, appium:noReset: true, appium:pixelRatio: 3.5, appium:platformVersion: 13, appium:statBarHeight: 84, appium:takesScreenshot: true, appium:viewportRect: {height: 3036, left: 0, top: 84, width: 1440}, appium:warnings: {}, appium:webStorageEnabled: false, platformName: ANDROID}
Session ID: 3bdd4d28-a212-432f-8440-f8b3a6c4c6d1
	at com.testing.TestRunner.CreateSlot(TestRunner.java:109)
]]></failure>
  </testcase>
  <testcase name="ServiceCreation" classname="com.testing.TestRunner" time="126.233">
    <failure message="Expected condition failed: waiting for element to be clickable: Proxy element for: DefaultElementLocator &apos;By.xpath: //android.widget.ImageView[@content-desc=&quot;Tab 5 of 6&quot;]&apos; (tried for 120 second(s) with 500 milliseconds interval)" type="org.openqa.selenium.TimeoutException"><![CDATA[org.openqa.selenium.TimeoutException: Expected condition failed: waiting for element to be clickable: Proxy element for: DefaultElementLocator 'By.xpath: //android.widget.ImageView[@content-desc="Tab 5 of 6"]' (tried for 120 second(s) with 500 milliseconds interval)
	at com.testing.TestRunner.ServiceCreation(TestRunner.java:119)
Caused by: org.openqa.selenium.NoSuchElementException: 
An element could not be located on the page using the given search parameters.
For documentation on this error, please visit: https://www.selenium.dev/documentation/webdriver/troubleshooting/errors#no-such-element-exception
Build info: version: '4.26.0', revision: '8ccf0219d7'
System info: os.name: 'Windows 10', os.arch: 'amd64', os.version: '10.0', java.version: '11.0.0.1'
Driver info: io.appium.java_client.android.AndroidDriver
Command: [3bdd4d28-a212-432f-8440-f8b3a6c4c6d1, findElement {value=//android.widget.ImageView[@content-desc="Tab 5 of 6"], using=xpath}]
Capabilities {appium:appActivity: com.petcaretechnologies.app..., appium:appPackage: com.petcaretechnologies.app, appium:automationName: UiAutomator2, appium:databaseEnabled: false, appium:desired: {appActivity: com.petcaretechnologies.app..., appPackage: com.petcaretechnologies.app, automationName: UiAutomator2, deviceName: Pixel 6 Pro API 33, fullReset: false, newCommandTimeout: 100000, noReset: true, platformName: ANDROID, platformVersion: 13.0}, appium:deviceApiLevel: 33, appium:deviceManufacturer: Google, appium:deviceModel: sdk_gphone64_x86_64, appium:deviceName: emulator-5554, appium:deviceScreenDensity: 560, appium:deviceScreenSize: 1440x3120, appium:deviceUDID: emulator-5554, appium:fullReset: false, appium:javascriptEnabled: true, appium:locationContextEnabled: false, appium:networkConnectionEnabled: true, appium:newCommandTimeout: 100000, appium:noReset: true, appium:pixelRatio: 3.5, appium:platformVersion: 13, appium:statBarHeight: 84, appium:takesScreenshot: true, appium:viewportRect: {height: 3036, left: 0, top: 84, width: 1440}, appium:warnings: {}, appium:webStorageEnabled: false, platformName: ANDROID}
Session ID: 3bdd4d28-a212-432f-8440-f8b3a6c4c6d1
	at com.testing.TestRunner.ServiceCreation(TestRunner.java:119)
]]></failure>
    <system-out><![CDATA[response :  {
    "success": true,
    "access_token": "eyJhbGciOiJIUzI1NiIsInR5cCI6IkpXVCJ9.eyJlbWFpbCI6InBldGNhcmVhNTRAZ21haWwuY29tIiwidXNlcl9pZCI6Miwic3Vic2NyaWJlcl9pZCI6MSwiZXhwIjoxNzMyMDE3OTk4LCJsaWNlbnNlX2lkIjoxLCJhcHBfdXJsIjoiaHR0cHM6Ly9zdGFnaW5nLnBldGNhcmV0ZWNobm9sb2dpZXMuY29tLyIsInVzZXJfZGJfY3JlZGVudGlhbCI6InZKSEtFOVVxU3hXSXM1bGVkRzBnbExDblB6OGFTOEVWN2JjOTkrVDJMbGV4YUJxdjFsSkxYb1ZIWWZGSE5GNlNNUElVcU9SVEdzY3ltMXRTM0w4cFZQZnZsV0lpQVdKanE5YUVDNTJhMHFXdXVqUkVBekpQVVQwUENRRWsrM0pVIiwic2VydmljZV9kYl9jcmVkZW50aWFsIjoiOXdHbFF0dlJJdkw2c2RwV28xb0d0N0puYit3YVZNNEZ2MEROeEhzdzB1aFd5UzM0VEZsT2VVWTl0UHlWZy9OYW9XU1M3TWVXVk1iL1RSbVVtV3pHdGo1Q2syT2F5eXNPL0NVSWVyNHRnOEdXMExXUTBkY3A0RUVmV3ZqUFp2bGUiLCJib29raW5nX2RiX2NyZWRlbnRpYWwiOiJjSmt5QlB2dTlvUE9uY0J5em1xcEhqK2M3OFhhUW9GYkJYQ3F3M05xak9HTzJSMHhFeW5ZRFdCZ2R0dUZQU0UvS1liZm5NS2ZHYVZFYWkyV3EreWNhQ2xMU2oxckNRV1NIUFVrOVBFd1Y4UVpzNk1CR2xwWWJqZERrWWh3NGtlUCIsImNhbGVuZGFyX2RiX2NyZWRlbnRpYWwiOiJJaEgvdHU1Zmdxa2xTREhneFY3TzEzV3NaOWdzaWtlQVhPcklQeUt4VHVtcldGK0ZYVzV3dWRPVTR1cUZqd3pLUHhGRnlSMHlQSUg5R2tXSDJqdWYxNlNCcHRiMU9WRG82MVNTUHVhblJIdWEzQXFuUlRTVTJKcWs3blJyRWlVdklzMEczaHVDWjlHRDVIOThRdVE1a1E9PSIsImludm9pY2VfZGJfY3JlZGVudGlhbCI6ImI2SS9ySlI5T2lzSm9jeG9ZR201aXFUWUJUZWwxVWkrUjFqaWRuUjliQ1BrdDI3RGFGN0thL2N6bjB6citObWxaZ3ZHaHpMZllwVW0zYzJUY0s0TysxQkR1UnhaKzJFSFYwNXJ1V2xNOTdhNE9yb3kwbVBxcERIZk4yMldGRmswIiwicGF5bWVudF9kYl9jcmVkZW50aWFsIjoiM3dVQzVNYWhTV1R3Yjd0SDIyZ1llUHhZSWpKSlZYaWtheWZwY0VkSld6dllaV0w5cklwRnI3eURjMGxlY1ZUNURHTWZZUVAxbXNFWmMxdDBtL0xYYkNuRnc3QUpKN1FIdTdSMDlLQlNBTEVzaTMzWVRQQmxQLzFNeklPWXU2ZGsifQ.csYRC5zNU2SF2hjtJ6qmpGEBX-QwMm4y2bt_DQHeRQQ",
    "refresh_token": "eyJhbGciOiJIUzI1NiIsInR5cCI6IkpXVCJ9.eyJlbWFpbCI6InBldGNhcmVhNTRAZ21haWwuY29tIiwidXNlcl9pZCI6Miwic3Vic2NyaWJlcl9pZCI6MSwiZXhwIjoxNzM5NzkzMzkzLCJsaWNlbnNlX2lkIjoxLCJhcHBfdXJsIjoiaHR0cHM6Ly9zdGFnaW5nLnBldGNhcmV0ZWNobm9sb2dpZXMuY29tLyIsInVzZXJfZGJfY3JlZGVudGlhbCI6IlBsQ0tiOE14elFSNlFUYTRicytOT2xMd3hZZnBpeFJVWncrMTAwQXhvV01SVmpiQ1hRSHgraFR3TnNOVnlMVVdTeXU4SFZORFAvYW9reEdmamVaNC9pQ1Z2bi9pbFdySEcrUzJSQXltL043TXVReldqVDBhb1oyOTFabFhpTlRxIiwic2VydmljZV9kYl9jcmVkZW50aWFsIjoiaWlBUXRKakpDS0YvekZNL042Z0VZWFFsbWtvVE95dis2MFowb2x3UnJPajErVnFjRFViN0RyN0NLRXA5R29FNFFweDg4Z2ZYaVVjbVp3TjVSMDQwdncrcmF5N0R4cjhDUnRTN1E1clhMWkxBeSswTktuZjNJaEwrUzdqQW8vb3YiLCJib29raW5nX2RiX2NyZWRlbnRpYWwiOiJ4Z0UwZTVXc0NwZkxFK3Y1SWlEVDFYQTJMUWJuQS93TUFjTGZMNFVYRGxkV3h0azJCZHpCTnNsN2tGbGpWWTVyYzBpR2E4b1NSc3JnTGNXMytyeHhkV0ViQ2gzNTBzRUJRcStQOThWYS9EcE1GY1gxeXpUMFhtZWR6cnVhbzY4ayIsImNhbGVuZGFyX2RiX2NyZWRlbnRpYWwiOiJRV3dHN25HdUpVdzJhZ3JoQ1grZlhZZU0zN3pSRW1sUmZJdExrRFBoZGJSR0lnaE4zeEVtZFVjbHliOTZkT3l4RGIxR0dvUkpSdjZCNUhpSTVHVzVDSXhZaFNpNndaN001VFJjMWRKMXNOb0N0RDRydTBYdmkrRElGOTEvRC9yUzFuUHBuaEpXczB1K3BvZUNCM2l2L1E9PSIsImludm9pY2VfZGJfY3JlZGVudGlhbCI6IkhMQmthcnVkNVdYSG13eVo5cTlvZ2NUcVBFQjh5R0R1b09WNm1hdDdYSEFSR0xWYTRtMFkrYVFMTExvWEtCSUMzTHJmS3lzMUVGNTNCSFJsNmpnZCs0R3NHblhTUlJ0NU9wcEhuc2M2U3piN3VEWlQ0cTBxUUhEV01IYWtrYVlDIiwicGF5bWVudF9kYl9jcmVkZW50aWFsIjoidDZOQVc4UjBrMll2NUx6VDlVWmN3alVnYkRXZ1dQZ25oMkoyU2N1UXJHdFFWQWZDZC9VZEJlYm1nbHIvMFZ4Yy9Mck5MLzVFdVNpZEFxMll5K2xNOVRiYUpTNkV3TFdFb0dNekN5TjlXR3N3MWNTUmd1Q1JVQTJEUWtyWGNFUWcifQ.wufm2xrxWrVaSwrE2lVOya6JENGpt9g_lzIc85jk5t4",
    "token_type": "bearer",
    "email": "petcarea54@gmail.com",
    "user_id": 2,
    "subscriber_id": 1,
    "expiration_time": "2025-02-17 11:41:38",
    "access_expiration_time": "2024-11-19 12:06:38",
    "refresh_expiration_time": "2025-02-17 11:56:33",
    "redirect_url": null,
    "device_id": "e07061c9-acf1-432f-ad82-c065190f1201",
    "organizational_settings": {
        "beneficiary_type": "Pet",
        "beneficiary_subtype": "Breed",
        "user_approval_configuration": 0,
        "manual_approval": 1,
        "organizational_name": "Pet care technology staging",
        "organization_logo": "https://staging-booking.agilecyber.com/files/files/1/user/logo.png",
        "invoice_id": null,
        "invoice_name": null,
        "payment_id": null,
        "payment_name": null
    }
}
New Refresh Token: eyJhbGciOiJIUzI1NiIsInR5cCI6IkpXVCJ9.eyJlbWFpbCI6InBldGNhcmVhNTRAZ21haWwuY29tIiwidXNlcl9pZCI6Miwic3Vic2NyaWJlcl9pZCI6MSwiZXhwIjoxNzM5NzkzMzkzLCJsaWNlbnNlX2lkIjoxLCJhcHBfdXJsIjoiaHR0cHM6Ly9zdGFnaW5nLnBldGNhcmV0ZWNobm9sb2dpZXMuY29tLyIsInVzZXJfZGJfY3JlZGVudGlhbCI6IlBsQ0tiOE14elFSNlFUYTRicytOT2xMd3hZZnBpeFJVWncrMTAwQXhvV01SVmpiQ1hRSHgraFR3TnNOVnlMVVdTeXU4SFZORFAvYW9reEdmamVaNC9pQ1Z2bi9pbFdySEcrUzJSQXltL043TXVReldqVDBhb1oyOTFabFhpTlRxIiwic2VydmljZV9kYl9jcmVkZW50aWFsIjoiaWlBUXRKakpDS0YvekZNL042Z0VZWFFsbWtvVE95dis2MFowb2x3UnJPajErVnFjRFViN0RyN0NLRXA5R29FNFFweDg4Z2ZYaVVjbVp3TjVSMDQwdncrcmF5N0R4cjhDUnRTN1E1clhMWkxBeSswTktuZjNJaEwrUzdqQW8vb3YiLCJib29raW5nX2RiX2NyZWRlbnRpYWwiOiJ4Z0UwZTVXc0NwZkxFK3Y1SWlEVDFYQTJMUWJuQS93TUFjTGZMNFVYRGxkV3h0azJCZHpCTnNsN2tGbGpWWTVyYzBpR2E4b1NSc3JnTGNXMytyeHhkV0ViQ2gzNTBzRUJRcStQOThWYS9EcE1GY1gxeXpUMFhtZWR6cnVhbzY4ayIsImNhbGVuZGFyX2RiX2NyZWRlbnRpYWwiOiJRV3dHN25HdUpVdzJhZ3JoQ1grZlhZZU0zN3pSRW1sUmZJdExrRFBoZGJSR0lnaE4zeEVtZFVjbHliOTZkT3l4RGIxR0dvUkpSdjZCNUhpSTVHVzVDSXhZaFNpNndaN001VFJjMWRKMXNOb0N0RDRydTBYdmkrRElGOTEvRC9yUzFuUHBuaEpXczB1K3BvZUNCM2l2L1E9PSIsImludm9pY2VfZGJfY3JlZGVudGlhbCI6IkhMQmthcnVkNVdYSG13eVo5cTlvZ2NUcVBFQjh5R0R1b09WNm1hdDdYSEFSR0xWYTRtMFkrYVFMTExvWEtCSUMzTHJmS3lzMUVGNTNCSFJsNmpnZCs0R3NHblhTUlJ0NU9wcEhuc2M2U3piN3VEWlQ0cTBxUUhEV01IYWtrYVlDIiwicGF5bWVudF9kYl9jcmVkZW50aWFsIjoidDZOQVc4UjBrMll2NUx6VDlVWmN3alVnYkRXZ1dQZ25oMkoyU2N1UXJHdFFWQWZDZC9VZEJlYm1nbHIvMFZ4Yy9Mck5MLzVFdVNpZEFxMll5K2xNOVRiYUpTNkV3TFdFb0dNekN5TjlXR3N3MWNTUmd1Q1JVQTJEUWtyWGNFUWcifQ.wufm2xrxWrVaSwrE2lVOya6JENGpt9g_lzIc85jk5t4
Response Status Code: 200
Records Total: 37
Slot Names: [Slo, Sloteeeemmeeee, jMorning99, eve, Morning99, Sloteeee, Sloteeeeeeee, Morningyyyy, Morningo, Morningoo, Morning1288, new ts01, Night3, slot22, nameas, Morning only available, Morning12887, Morning123, Morning12, Night Owl Slot, Evening Rush, Twilight Session, Golden Hour, Afternoon Breeze, LateMorning, Dusk, EarlyMorning, Morning2, Evening2, Morning1, Night1, Afternoon1, Evening1, next evening, Evening, Lunch Time, Morning]
]]></system-out>
  </testcase>
  <testcase name="Logout_Admin" classname="com.testing.TestRunner" time="120.549">
    <failure message="Expected condition failed: waiting for element to be clickable: Proxy element for: DefaultElementLocator &apos;By.xpath: //*[starts-with(@content-desc,&apos;Tab 6 of 6&apos;)]&apos; (tried for 120 second(s) with 500 milliseconds interval)" type="org.openqa.selenium.TimeoutException"><![CDATA[org.openqa.selenium.TimeoutException: Expected condition failed: waiting for element to be clickable: Proxy element for: DefaultElementLocator 'By.xpath: //*[starts-with(@content-desc,'Tab 6 of 6')]' (tried for 120 second(s) with 500 milliseconds interval)
	at com.testing.TestRunner.Logout_Admin(TestRunner.java:126)
Caused by: org.openqa.selenium.NoSuchElementException: 
An element could not be located on the page using the given search parameters.
For documentation on this error, please visit: https://www.selenium.dev/documentation/webdriver/troubleshooting/errors#no-such-element-exception
Build info: version: '4.26.0', revision: '8ccf0219d7'
System info: os.name: 'Windows 10', os.arch: 'amd64', os.version: '10.0', java.version: '11.0.0.1'
Driver info: io.appium.java_client.android.AndroidDriver
Command: [3bdd4d28-a212-432f-8440-f8b3a6c4c6d1, findElement {value=//*[starts-with(@content-desc,'Tab 6 of 6')], using=xpath}]
Capabilities {appium:appActivity: com.petcaretechnologies.app..., appium:appPackage: com.petcaretechnologies.app, appium:automationName: UiAutomator2, appium:databaseEnabled: false, appium:desired: {appActivity: com.petcaretechnologies.app..., appPackage: com.petcaretechnologies.app, automationName: UiAutomator2, deviceName: Pixel 6 Pro API 33, fullReset: false, newCommandTimeout: 100000, noReset: true, platformName: ANDROID, platformVersion: 13.0}, appium:deviceApiLevel: 33, appium:deviceManufacturer: Google, appium:deviceModel: sdk_gphone64_x86_64, appium:deviceName: emulator-5554, appium:deviceScreenDensity: 560, appium:deviceScreenSize: 1440x3120, appium:deviceUDID: emulator-5554, appium:fullReset: false, appium:javascriptEnabled: true, appium:locationContextEnabled: false, appium:networkConnectionEnabled: true, appium:newCommandTimeout: 100000, appium:noReset: true, appium:pixelRatio: 3.5, appium:platformVersion: 13, appium:statBarHeight: 84, appium:takesScreenshot: true, appium:viewportRect: {height: 3036, left: 0, top: 84, width: 1440}, appium:warnings: {}, appium:webStorageEnabled: false, platformName: ANDROID}
Session ID: 3bdd4d28-a212-432f-8440-f8b3a6c4c6d1
	at com.testing.TestRunner.Logout_Admin(TestRunner.java:126)
]]></failure>
  </testcase>
  <testcase name="Login_PredefinedCustomer" classname="com.testing.TestRunner" time="120.58">
    <failure message="Expected condition failed: waiting for element to be clickable: Proxy element for: DefaultElementLocator &apos;By.xpath: //android.widget.EditText[@hint=&apos;Continue with email&apos;]&apos; (tried for 120 second(s) with 500 milliseconds interval)" type="org.openqa.selenium.TimeoutException"><![CDATA[org.openqa.selenium.TimeoutException: Expected condition failed: waiting for element to be clickable: Proxy element for: DefaultElementLocator 'By.xpath: //android.widget.EditText[@hint='Continue with email']' (tried for 120 second(s) with 500 milliseconds interval)
	at com.testing.TestRunner.Login_PredefinedCustomer(TestRunner.java:132)
Caused by: org.openqa.selenium.NoSuchElementException: 
An element could not be located on the page using the given search parameters.
For documentation on this error, please visit: https://www.selenium.dev/documentation/webdriver/troubleshooting/errors#no-such-element-exception
Build info: version: '4.26.0', revision: '8ccf0219d7'
System info: os.name: 'Windows 10', os.arch: 'amd64', os.version: '10.0', java.version: '11.0.0.1'
Driver info: io.appium.java_client.android.AndroidDriver
Command: [3bdd4d28-a212-432f-8440-f8b3a6c4c6d1, findElement {value=//android.widget.EditText[@hint='Continue with email'], using=xpath}]
Capabilities {appium:appActivity: com.petcaretechnologies.app..., appium:appPackage: com.petcaretechnologies.app, appium:automationName: UiAutomator2, appium:databaseEnabled: false, appium:desired: {appActivity: com.petcaretechnologies.app..., appPackage: com.petcaretechnologies.app, automationName: UiAutomator2, deviceName: Pixel 6 Pro API 33, fullReset: false, newCommandTimeout: 100000, noReset: true, platformName: ANDROID, platformVersion: 13.0}, appium:deviceApiLevel: 33, appium:deviceManufacturer: Google, appium:deviceModel: sdk_gphone64_x86_64, appium:deviceName: emulator-5554, appium:deviceScreenDensity: 560, appium:deviceScreenSize: 1440x3120, appium:deviceUDID: emulator-5554, appium:fullReset: false, appium:javascriptEnabled: true, appium:locationContextEnabled: false, appium:networkConnectionEnabled: true, appium:newCommandTimeout: 100000, appium:noReset: true, appium:pixelRatio: 3.5, appium:platformVersion: 13, appium:statBarHeight: 84, appium:takesScreenshot: true, appium:viewportRect: {height: 3036, left: 0, top: 84, width: 1440}, appium:warnings: {}, appium:webStorageEnabled: false, platformName: ANDROID}
Session ID: 3bdd4d28-a212-432f-8440-f8b3a6c4c6d1
	at com.testing.TestRunner.Login_PredefinedCustomer(TestRunner.java:132)
]]></failure>
  </testcase>
  <testcase name="BookingFlowCustomer" classname="com.testing.TestRunner" time="150.564">
    <failure message="Expected condition failed: waiting for element to be clickable: By.xpath: //android.view.View[contains(@content-desc,&quot;Service Ator&quot;)] (tried for 120 second(s) with 500 milliseconds interval)&#10;Build info: version: &apos;4.26.0&apos;, revision: &apos;8ccf0219d7&apos;&#10;System info: os.name: &apos;Windows 10&apos;, os.arch: &apos;amd64&apos;, os.version: &apos;10.0&apos;, java.version: &apos;11.0.0.1&apos;&#10;Driver info: io.appium.java_client.android.AndroidDriver&#10;Capabilities {appium:appActivity: com.petcaretechnologies.app..., appium:appPackage: com.petcaretechnologies.app, appium:automationName: UiAutomator2, appium:databaseEnabled: false, appium:desired: {appActivity: com.petcaretechnologies.app..., appPackage: com.petcaretechnologies.app, automationName: UiAutomator2, deviceName: Pixel 6 Pro API 33, fullReset: false, newCommandTimeout: 100000, noReset: true, platformName: ANDROID, platformVersion: 13.0}, appium:deviceApiLevel: 33, appium:deviceManufacturer: Google, appium:deviceModel: sdk_gphone64_x86_64, appium:deviceName: emulator-5554, appium:deviceScreenDensity: 560, appium:deviceScreenSize: 1440x3120, appium:deviceUDID: emulator-5554, appium:fullReset: false, appium:javascriptEnabled: true, appium:locationContextEnabled: false, appium:networkConnectionEnabled: true, appium:newCommandTimeout: 100000, appium:noReset: true, appium:pixelRatio: 3.5, appium:platformVersion: 13, appium:statBarHeight: 84, appium:takesScreenshot: true, appium:viewportRect: {height: 3036, left: 0, top: 84, width: 1440}, appium:warnings: {}, appium:webStorageEnabled: false, platformName: ANDROID}&#10;Session ID: 3bdd4d28-a212-432f-8440-f8b3a6c4c6d1" type="org.openqa.selenium.TimeoutException"><![CDATA[org.openqa.selenium.TimeoutException: 
Expected condition failed: waiting for element to be clickable: By.xpath: //android.view.View[contains(@content-desc,"Service Ator")] (tried for 120 second(s) with 500 milliseconds interval)
Build info: version: '4.26.0', revision: '8ccf0219d7'
System info: os.name: 'Windows 10', os.arch: 'amd64', os.version: '10.0', java.version: '11.0.0.1'
Driver info: io.appium.java_client.android.AndroidDriver
Capabilities {appium:appActivity: com.petcaretechnologies.app..., appium:appPackage: com.petcaretechnologies.app, appium:automationName: UiAutomator2, appium:databaseEnabled: false, appium:desired: {appActivity: com.petcaretechnologies.app..., appPackage: com.petcaretechnologies.app, automationName: UiAutomator2, deviceName: Pixel 6 Pro API 33, fullReset: false, newCommandTimeout: 100000, noReset: true, platformName: ANDROID, platformVersion: 13.0}, appium:deviceApiLevel: 33, appium:deviceManufacturer: Google, appium:deviceModel: sdk_gphone64_x86_64, appium:deviceName: emulator-5554, appium:deviceScreenDensity: 560, appium:deviceScreenSize: 1440x3120, appium:deviceUDID: emulator-5554, appium:fullReset: false, appium:javascriptEnabled: true, appium:locationContextEnabled: false, appium:networkConnectionEnabled: true, appium:newCommandTimeout: 100000, appium:noReset: true, appium:pixelRatio: 3.5, appium:platformVersion: 13, appium:statBarHeight: 84, appium:takesScreenshot: true, appium:viewportRect: {height: 3036, left: 0, top: 84, width: 1440}, appium:warnings: {}, appium:webStorageEnabled: false, platformName: ANDROID}
Session ID: 3bdd4d28-a212-432f-8440-f8b3a6c4c6d1
	at com.testing.TestRunner.BookingFlowCustomer(TestRunner.java:140)
]]></failure>
    <system-out><![CDATA[response :  {
    "success": true,
    "access_token": "eyJhbGciOiJIUzI1NiIsInR5cCI6IkpXVCJ9.eyJlbWFpbCI6InBldGNhcmVhNTRAZ21haWwuY29tIiwidXNlcl9pZCI6Miwic3Vic2NyaWJlcl9pZCI6MSwiZXhwIjoxNzMyMDE3OTk4LCJsaWNlbnNlX2lkIjoxLCJhcHBfdXJsIjoiaHR0cHM6Ly9zdGFnaW5nLnBldGNhcmV0ZWNobm9sb2dpZXMuY29tLyIsInVzZXJfZGJfY3JlZGVudGlhbCI6InZKSEtFOVVxU3hXSXM1bGVkRzBnbExDblB6OGFTOEVWN2JjOTkrVDJMbGV4YUJxdjFsSkxYb1ZIWWZGSE5GNlNNUElVcU9SVEdzY3ltMXRTM0w4cFZQZnZsV0lpQVdKanE5YUVDNTJhMHFXdXVqUkVBekpQVVQwUENRRWsrM0pVIiwic2VydmljZV9kYl9jcmVkZW50aWFsIjoiOXdHbFF0dlJJdkw2c2RwV28xb0d0N0puYit3YVZNNEZ2MEROeEhzdzB1aFd5UzM0VEZsT2VVWTl0UHlWZy9OYW9XU1M3TWVXVk1iL1RSbVVtV3pHdGo1Q2syT2F5eXNPL0NVSWVyNHRnOEdXMExXUTBkY3A0RUVmV3ZqUFp2bGUiLCJib29raW5nX2RiX2NyZWRlbnRpYWwiOiJjSmt5QlB2dTlvUE9uY0J5em1xcEhqK2M3OFhhUW9GYkJYQ3F3M05xak9HTzJSMHhFeW5ZRFdCZ2R0dUZQU0UvS1liZm5NS2ZHYVZFYWkyV3EreWNhQ2xMU2oxckNRV1NIUFVrOVBFd1Y4UVpzNk1CR2xwWWJqZERrWWh3NGtlUCIsImNhbGVuZGFyX2RiX2NyZWRlbnRpYWwiOiJJaEgvdHU1Zmdxa2xTREhneFY3TzEzV3NaOWdzaWtlQVhPcklQeUt4VHVtcldGK0ZYVzV3dWRPVTR1cUZqd3pLUHhGRnlSMHlQSUg5R2tXSDJqdWYxNlNCcHRiMU9WRG82MVNTUHVhblJIdWEzQXFuUlRTVTJKcWs3blJyRWlVdklzMEczaHVDWjlHRDVIOThRdVE1a1E9PSIsImludm9pY2VfZGJfY3JlZGVudGlhbCI6ImI2SS9ySlI5T2lzSm9jeG9ZR201aXFUWUJUZWwxVWkrUjFqaWRuUjliQ1BrdDI3RGFGN0thL2N6bjB6citObWxaZ3ZHaHpMZllwVW0zYzJUY0s0TysxQkR1UnhaKzJFSFYwNXJ1V2xNOTdhNE9yb3kwbVBxcERIZk4yMldGRmswIiwicGF5bWVudF9kYl9jcmVkZW50aWFsIjoiM3dVQzVNYWhTV1R3Yjd0SDIyZ1llUHhZSWpKSlZYaWtheWZwY0VkSld6dllaV0w5cklwRnI3eURjMGxlY1ZUNURHTWZZUVAxbXNFWmMxdDBtL0xYYkNuRnc3QUpKN1FIdTdSMDlLQlNBTEVzaTMzWVRQQmxQLzFNeklPWXU2ZGsifQ.csYRC5zNU2SF2hjtJ6qmpGEBX-QwMm4y2bt_DQHeRQQ",
    "refresh_token": "eyJhbGciOiJIUzI1NiIsInR5cCI6IkpXVCJ9.eyJlbWFpbCI6InBldGNhcmVhNTRAZ21haWwuY29tIiwidXNlcl9pZCI6Miwic3Vic2NyaWJlcl9pZCI6MSwiZXhwIjoxNzM5NzkzNzYwLCJsaWNlbnNlX2lkIjoxLCJhcHBfdXJsIjoiaHR0cHM6Ly9zdGFnaW5nLnBldGNhcmV0ZWNobm9sb2dpZXMuY29tLyIsInVzZXJfZGJfY3JlZGVudGlhbCI6InNZSXgxUTM3Z3p1cEM2c3dGS0RJZTJFNVVSOEF3QWVJMjgwZGRuVDhHcGhkSE8waDZvamNIRGl5UTQyVjZyQ2tER1oxcTZpNG4yNkE5K2ZQcEVMRUJVN21BOEk5ajlUYTEzdGxDRFdNQVkvSmxNT0ZLNU9URWoybVk3aEp6TC9NIiwic2VydmljZV9kYl9jcmVkZW50aWFsIjoieEJpcU5qNUpoK3l4SStEOU16akQ2Q2h6VWt3MENsdTU1dGlmUVNTakJZT29FVTZxRVRCNUFnSG8rN0x1MzdOT2hXOWN0dmJFdXRrSzVsbmMwcEU0Ym5YT0RBNUdBNE5KN2NIRFJqOW8yQnRLK3FiRUhsNWc3cjByM0xxejBlZzgiLCJib29raW5nX2RiX2NyZWRlbnRpYWwiOiJ2cEdTMTdTV0d6bldmdTAvdWdyT1lFQzVsUyttN2ZNMHIxaUM2NkF2aWpyQ3ExMDcybnZVQ1I1Tk5Dd3ZoQzlCbk10ZUJkZGxCZzBzcFFncHg3eE4vZzJFQ2g2T3RUWW5RdUxjc3ZBejRHUURmS3NKUDhCWmErQ2RlUTJ0T1F5MCIsImNhbGVuZGFyX2RiX2NyZWRlbnRpYWwiOiI2SFBHTm5TR3dpTVp3UllNR216Q3JCc3ZDTUVmaEdNZTZqMVF6Wnc0dC9ZTHJBUEg5bmJhZnNHOWRZODhaZHd5NFhKelFONmRkSmJzMGZHOCt1YXlQOVB5UDdORkV0RVRjTVBBSFp4Q0NMVDY5TG1TQnJyOUV4cU9SdkFsZGVSd1JRWlRsdW9pdk85c3poTGJ2NnByYUE9PSIsImludm9pY2VfZGJfY3JlZGVudGlhbCI6IjNxb1BxNmlWa05QK0d2ZHlWK3lQZWlOQzdkQnByZ2NHenNmM1RFbWFJSnlzaWZ6UVY1em5JbzV2ZHp6ZnpYbHAxaWYvSGx2dVp2clI0Mkw3Uzd0Smh1SXZCZ0NlaFZyQStKOVE1OGttdWN3MjE3M1FOaGZ2SDcwMlZXbVVVOVlVIiwicGF5bWVudF9kYl9jcmVkZW50aWFsIjoiSmpXd1ZYSU1MWmc0SUR4NFFzNWsvZmkvT05ERlpnT1hhYWhUMDlyVGtzVUF5U21md20ydmZQdHR5TGVPeXF4TExwYW1BN0JtbzFTYTU2WURsQk5VMVBKTXB3UFJ3M1owaUt6NkZpdllrSG15d1lXZGJXSW5GQUw0K0RzL2lWdFYifQ.NcH1Y4X_uZ_oGo4l_aACIL86CiJYuT9zeTtJNVqPIyc",
    "token_type": "bearer",
    "email": "petcarea54@gmail.com",
    "user_id": 2,
    "subscriber_id": 1,
    "expiration_time": "2025-02-17 11:41:38",
    "access_expiration_time": "2024-11-19 12:06:38",
    "refresh_expiration_time": "2025-02-17 12:02:40",
    "redirect_url": null,
    "device_id": "e07061c9-acf1-432f-ad82-c065190f1201",
    "organizational_settings": {
        "beneficiary_type": "Pet",
        "beneficiary_subtype": "Breed",
        "user_approval_configuration": 0,
        "manual_approval": 1,
        "organizational_name": "Pet care technology staging",
        "organization_logo": "https://staging-booking.agilecyber.com/files/files/1/user/logo.png",
        "invoice_id": null,
        "invoice_name": null,
        "payment_id": null,
        "payment_name": null
    }
}
New Refresh Token: eyJhbGciOiJIUzI1NiIsInR5cCI6IkpXVCJ9.eyJlbWFpbCI6InBldGNhcmVhNTRAZ21haWwuY29tIiwidXNlcl9pZCI6Miwic3Vic2NyaWJlcl9pZCI6MSwiZXhwIjoxNzM5NzkzNzYwLCJsaWNlbnNlX2lkIjoxLCJhcHBfdXJsIjoiaHR0cHM6Ly9zdGFnaW5nLnBldGNhcmV0ZWNobm9sb2dpZXMuY29tLyIsInVzZXJfZGJfY3JlZGVudGlhbCI6InNZSXgxUTM3Z3p1cEM2c3dGS0RJZTJFNVVSOEF3QWVJMjgwZGRuVDhHcGhkSE8waDZvamNIRGl5UTQyVjZyQ2tER1oxcTZpNG4yNkE5K2ZQcEVMRUJVN21BOEk5ajlUYTEzdGxDRFdNQVkvSmxNT0ZLNU9URWoybVk3aEp6TC9NIiwic2VydmljZV9kYl9jcmVkZW50aWFsIjoieEJpcU5qNUpoK3l4SStEOU16akQ2Q2h6VWt3MENsdTU1dGlmUVNTakJZT29FVTZxRVRCNUFnSG8rN0x1MzdOT2hXOWN0dmJFdXRrSzVsbmMwcEU0Ym5YT0RBNUdBNE5KN2NIRFJqOW8yQnRLK3FiRUhsNWc3cjByM0xxejBlZzgiLCJib29raW5nX2RiX2NyZWRlbnRpYWwiOiJ2cEdTMTdTV0d6bldmdTAvdWdyT1lFQzVsUyttN2ZNMHIxaUM2NkF2aWpyQ3ExMDcybnZVQ1I1Tk5Dd3ZoQzlCbk10ZUJkZGxCZzBzcFFncHg3eE4vZzJFQ2g2T3RUWW5RdUxjc3ZBejRHUURmS3NKUDhCWmErQ2RlUTJ0T1F5MCIsImNhbGVuZGFyX2RiX2NyZWRlbnRpYWwiOiI2SFBHTm5TR3dpTVp3UllNR216Q3JCc3ZDTUVmaEdNZTZqMVF6Wnc0dC9ZTHJBUEg5bmJhZnNHOWRZODhaZHd5NFhKelFONmRkSmJzMGZHOCt1YXlQOVB5UDdORkV0RVRjTVBBSFp4Q0NMVDY5TG1TQnJyOUV4cU9SdkFsZGVSd1JRWlRsdW9pdk85c3poTGJ2NnByYUE9PSIsImludm9pY2VfZGJfY3JlZGVudGlhbCI6IjNxb1BxNmlWa05QK0d2ZHlWK3lQZWlOQzdkQnByZ2NHenNmM1RFbWFJSnlzaWZ6UVY1em5JbzV2ZHp6ZnpYbHAxaWYvSGx2dVp2clI0Mkw3Uzd0Smh1SXZCZ0NlaFZyQStKOVE1OGttdWN3MjE3M1FOaGZ2SDcwMlZXbVVVOVlVIiwicGF5bWVudF9kYl9jcmVkZW50aWFsIjoiSmpXd1ZYSU1MWmc0SUR4NFFzNWsvZmkvT05ERlpnT1hhYWhUMDlyVGtzVUF5U21md20ydmZQdHR5TGVPeXF4TExwYW1BN0JtbzFTYTU2WURsQk5VMVBKTXB3UFJ3M1owaUt6NkZpdllrSG15d1lXZGJXSW5GQUw0K0RzL2lWdFYifQ.NcH1Y4X_uZ_oGo4l_aACIL86CiJYuT9zeTtJNVqPIyc
Extracted Day: 200
Service: Service Ator | Time Slots Count: 37
Service: Service Ator | Max_allowed_date_for_booking: {"day": 200}
Service: Service Ator | available_date_from: 19-11-2024
Service: Service Ator | available_date_from: 22-10-2025
{"day": null}
{"day": 200}
Extracted Day: 200
]]></system-out>
  </testcase>
</testsuite>