<?xml version="1.0" encoding="UTF-8"?>
<!-- Generated by org.testng.reporters.JUnitReportReporter -->
<testsuite hostname="DESKTOP-P1GM7SD" failures="0" tests="1" name="com.automation.testscripts.LoginTest" time="22.509" errors="0" timestamp="2024-11-21T11:48:47 IST" skipped="0">
  <testcase classname="com.automation.testscripts.LoginTest" name="login_Admin" time="22.509"/>
</testsuite> <!-- com.automation.testscripts.LoginTest -->
